#
# A fatal error has been detected by the Java Runtime Environment:
#
#  Internal Error (safepoint.cpp:919), pid=32832, tid=33031
#  fatal error: Illegal threadstate encountered: 4
#
# JRE version: OpenJDK Runtime Environment Temurin-11.0.12+7 (11.0.12+7) (build 11.0.12+7)
# Java VM: OpenJDK 64-Bit Server VM Temurin-11.0.12+7 (11.0.12+7, mixed mode, tiered, compressed oops, g1 gc, bsd-amd64)
# No core dump will be written. Core dumps have been disabled. To enable core dumping, try "ulimit -c unlimited" before starting Java again
#
# If you would like to submit a bug report, please visit:
#   https://github.com/adoptium/adoptium-support/issues
# The crash happened outside the Java Virtual Machine in native code.
# See problematic frame for where to report the bug.
#

---------------  S U M M A R Y ------------

Command Line: --module-path=/Users/akhilb/Downloads/javafx-sdk-17.0.1/lib/ --add-modules=javafx.controls,javafx.fxml -Dfile.encoding=UTF-8 GUI

Host: MacBookPro17,1 x86_64 2400 MHz, 8 cores, 8G, Darwin 21.1.0
Time: Sun Nov 14 23:26:34 2021 CST elapsed time: 1173.986598 seconds (0d 0h 19m 33s)

---------------  T H R E A D  ---------------

Current thread (0x00007ff1bc0fc000):  JavaThread "InvokeLaterDispatcher" daemon [_thread_in_native, id=33031, stack(0x000000030a7d3000,0x000000030a8d3000)]

Stack: [0x000000030a7d3000,0x000000030a8d3000],  sp=0x000000030a8d1300,  free space=1016k
Native frames: (J=compiled Java code, A=aot compiled Java code, j=interpreted, Vv=VM code, C=native code)
V  [libjvm.dylib+0x7c656e]  _ZN7VMError14report_and_dieEiPKcS1_P13__va_list_tagP6ThreadPhPvS7_S1_im+0x652
V  [libjvm.dylib+0x7c6c69]  _ZN7VMError14report_and_dieEP6ThreadPvPKciS4_S4_P13__va_list_tag+0x47
V  [libjvm.dylib+0x27a592]  _Z12report_fatalPKciS0_z+0xb5
V  [libjvm.dylib+0x69d09d]  _ZN20SafepointSynchronize5blockEP10JavaThread+0x1cf
V  [libjvm.dylib+0x77f1f2]  _ZN10JavaThread44check_safepoint_and_suspend_for_native_transEPS_+0xa8
V  [libjvm.dylib+0x3f4a70]  jni_DeleteGlobalRef+0x93
C  [libglass.dylib+0x82e8]  -[GlassRunnable dealloc]+0x28
C  [Foundation+0x8210b]  -[_NSThreadPerformInfo dealloc]+0x2a
C  [Foundation+0x4edc7]  -[NSObject(NSThreadPerformAdditions) performSelectorOnMainThread:withObject:waitUntilDone:]+0x7c
J 3101  com.sun.glass.ui.mac.MacApplication._submitForLaterInvocation(Ljava/lang/Runnable;)V javafx.graphics (0 bytes) @ 0x000000011e2f218c [0x000000011e2f20c0+0x00000000000000cc]
J 3100 c1 com.sun.glass.ui.mac.MacApplication.submitForLaterInvocation(Ljava/lang/Runnable;)V javafx.graphics (6 bytes) @ 0x0000000117262f34 [0x0000000117262ec0+0x0000000000000074]
j  com.sun.glass.ui.InvokeLaterDispatcher.run()V+82 javafx.graphics
v  ~StubRoutines::call_stub
V  [libjvm.dylib+0x3b910e]  _ZN9JavaCalls11call_helperEP9JavaValueRK12methodHandleP17JavaCallArgumentsP6Thread+0x21a
V  [libjvm.dylib+0x3b8558]  _ZN9JavaCalls12call_virtualEP9JavaValueP5KlassP6SymbolS5_P17JavaCallArgumentsP6Thread+0xee
V  [libjvm.dylib+0x3b8614]  _ZN9JavaCalls12call_virtualEP9JavaValue6HandleP5KlassP6SymbolS6_P6Thread+0x62
V  [libjvm.dylib+0x43f4e6]  _ZL12thread_entryP10JavaThreadP6Thread+0x78
V  [libjvm.dylib+0x77dbc6]  _ZN10JavaThread17thread_main_innerEv+0x82
V  [libjvm.dylib+0x77da10]  _ZN10JavaThread3runEv+0x174
V  [libjvm.dylib+0x77b8ec]  _ZN6Thread8call_runEv+0x68
V  [libjvm.dylib+0x62a3c1]  _ZL19thread_native_entryP6Thread+0x139
C  [libsystem_pthread.dylib+0x6514]  _pthread_start+0x7d
C  [libsystem_pthread.dylib+0x202f]  thread_start+0xf

Java frames: (J=compiled Java code, j=interpreted, Vv=VM code)
J 3101  com.sun.glass.ui.mac.MacApplication._submitForLaterInvocation(Ljava/lang/Runnable;)V javafx.graphics (0 bytes) @ 0x000000011e2f211c [0x000000011e2f20c0+0x000000000000005c]
J 3100 c1 com.sun.glass.ui.mac.MacApplication.submitForLaterInvocation(Ljava/lang/Runnable;)V javafx.graphics (6 bytes) @ 0x0000000117262f34 [0x0000000117262ec0+0x0000000000000074]
j  com.sun.glass.ui.InvokeLaterDispatcher.run()V+82 javafx.graphics
v  ~StubRoutines::call_stub

---------------  P R O C E S S  ---------------

Threads class SMR info:
_java_thread_list=0x0000600000e94900, length=16, elements={
0x00007ff1ba010800, 0x00007ff1ba0e9800, 0x00007ff1bb80e800, 0x00007ff1bb029000,
0x00007ff1ba0ef800, 0x00007ff1ba0fb000, 0x00007ff1ba0fb800, 0x00007ff1ba0fc800,
0x00007ff1bc07d000, 0x00007ff1ba1c8000, 0x00007ff1bc0fc000, 0x00007ff1bb1bc800,
0x00007ff1bb24d000, 0x00007ff17b1fe800, 0x00007ff17c07d000, 0x00007ff19c009000
}

Java Threads: ( => current thread )
  0x00007ff1ba010800 JavaThread "main" [_thread_blocked, id=8195, stack(0x000000030958f000,0x000000030968f000)]
  0x00007ff1ba0e9800 JavaThread "Reference Handler" daemon [_thread_blocked, id=17155, stack(0x0000000309ca4000,0x0000000309da4000)]
  0x00007ff1bb80e800 JavaThread "Finalizer" daemon [_thread_blocked, id=15875, stack(0x0000000309da7000,0x0000000309ea7000)]
  0x00007ff1bb029000 JavaThread "Signal Dispatcher" daemon [_thread_blocked, id=40963, stack(0x0000000309fbb000,0x000000030a0bb000)]
  0x00007ff1ba0ef800 JavaThread "Service Thread" daemon [_thread_blocked, id=23299, stack(0x000000030a0be000,0x000000030a1be000)]
  0x00007ff1ba0fb000 JavaThread "C2 CompilerThread0" daemon [_thread_blocked, id=39939, stack(0x000000030a1c1000,0x000000030a2c1000)]
  0x00007ff1ba0fb800 JavaThread "C1 CompilerThread0" daemon [_thread_blocked, id=23811, stack(0x000000030a2c4000,0x000000030a3c4000)]
  0x00007ff1ba0fc800 JavaThread "Sweeper thread" daemon [_thread_blocked, id=24323, stack(0x000000030a3c7000,0x000000030a4c7000)]
  0x00007ff1bc07d000 JavaThread "Common-Cleaner" daemon [_thread_blocked, id=38915, stack(0x000000030a4ca000,0x000000030a5ca000)]
  0x00007ff1ba1c8000 JavaThread "QuantumRenderer-0" daemon [_thread_blocked, id=37379, stack(0x000000030a6d0000,0x000000030a7d0000)]
=>0x00007ff1bc0fc000 JavaThread "InvokeLaterDispatcher" daemon [_thread_in_native, id=33031, stack(0x000000030a7d3000,0x000000030a8d3000)]
  0x00007ff1bb1bc800 JavaThread "JavaFX Application Thread" [_thread_in_native, id=259, stack(0x0000000308d0c000,0x000000030950c000)]
  0x00007ff1bb24d000 JavaThread "JavaFX-Launcher" [_thread_blocked, id=73735, stack(0x000000030aae7000,0x000000030abe7000)]
  0x00007ff17b1fe800 JavaThread "Prism Font Disposer" daemon [_thread_blocked, id=66663, stack(0x000000030b485000,0x000000030b585000)]
  0x00007ff17c07d000 JavaThread "Cleaner-0" daemon [_thread_blocked, id=92443, stack(0x000000030b71f000,0x000000030b81f000)]
  0x00007ff19c009000 JavaThread "PulseTimer-CVDisplayLink thread" daemon [_thread_in_native, id=165679, stack(0x0000000309eaa000,0x0000000309f2a000)]

Other Threads:
  0x00007ff1bc00c800 VMThread "VM Thread" [stack: 0x0000000309ba1000,0x0000000309ca1000] [id=17667]
  0x00007ff1bb00b000 WatcherThread [stack: 0x000000030a5cd000,0x000000030a6cd000] [id=38479]
  0x00007ff1bb018800 GCTaskThread "GC Thread#0" [stack: 0x0000000309692000,0x0000000309792000] [id=19459]
  0x00007ff1bb254000 GCTaskThread "GC Thread#1" [stack: 0x000000030ac6d000,0x000000030ad6d000] [id=62259]
  0x00007ff1bb26a800 GCTaskThread "GC Thread#2" [stack: 0x000000030ad70000,0x000000030ae70000] [id=69635]
  0x00007ff1bb999000 GCTaskThread "GC Thread#3" [stack: 0x000000030ae73000,0x000000030af73000] [id=62979]
  0x00007ff1bb999800 GCTaskThread "GC Thread#4" [stack: 0x000000030af76000,0x000000030b076000] [id=69379]
  0x00007ff1bb99a800 GCTaskThread "GC Thread#5" [stack: 0x000000030b079000,0x000000030b179000] [id=69123]
  0x00007ff1ba038800 ConcurrentGCThread "G1 Main Marker" [stack: 0x0000000309795000,0x0000000309895000] [id=13059]
  0x00007ff1ba039800 ConcurrentGCThread "G1 Conc#0" [stack: 0x0000000309898000,0x0000000309998000] [id=13571]
  0x00007ff1bb38b000 ConcurrentGCThread "G1 Conc#1" [stack: 0x000000030b27f000,0x000000030b37f000] [id=65031]
  0x00007ff1ba09a000 ConcurrentGCThread "G1 Refine#0" [stack: 0x000000030999b000,0x0000000309a9b000] [id=14083]
  0x00007ff17afe3800 ConcurrentGCThread "G1 Refine#1" [stack: 0x000000030b17c000,0x000000030b27c000] [id=68099]
  0x00007ff1bb9ec800 ConcurrentGCThread "G1 Refine#2" [stack: 0x000000030b382000,0x000000030b482000] [id=67843]
  0x00007ff1bb019000 ConcurrentGCThread "G1 Young RemSet Sampling" [stack: 0x0000000309a9e000,0x0000000309b9e000] [id=14339]

Threads with active compile tasks:

VM state:not at safepoint (normal execution)

VM Mutex/Monitor currently owned by a thread: None

Heap address: 0x0000000780000000, size: 2048 MB, Compressed Oops mode: Zero based, Oop shift amount: 3
Narrow klass base: 0x0000000800000000, Narrow klass shift: 0
Compressed class space size: 1073741824 Address: 0x0000000800000000

Heap:
 garbage-first heap   total 235520K, used 185368K [0x0000000780000000, 0x0000000800000000)
  region size 1024K, 71 young (72704K), 2 survivors (2048K)
 Metaspace       used 20839K, capacity 21481K, committed 21760K, reserved 1069056K
  class space    used 2443K, capacity 2724K, committed 2816K, reserved 1048576K
Heap Regions: E=young(eden), S=young(survivor), O=old, HS=humongous(starts), HC=humongous(continues), CS=collection set, F=free, A=archive, TAMS=top-at-mark-start (previous, next)
|   0|0x0000000780000000, 0x0000000780100000, 0x0000000780100000|100%| O|  |TAMS 0x0000000780100000, 0x0000000780000000| Untracked 
|   1|0x0000000780100000, 0x0000000780200000, 0x0000000780200000|100%|HS|  |TAMS 0x0000000780200000, 0x0000000780100000| Complete 
|   2|0x0000000780200000, 0x0000000780300000, 0x0000000780300000|100%|HS|  |TAMS 0x0000000780300000, 0x0000000780200000| Complete 
|   3|0x0000000780300000, 0x0000000780400000, 0x0000000780400000|100%|HS|  |TAMS 0x0000000780400000, 0x0000000780300000| Complete 
|   4|0x0000000780400000, 0x0000000780500000, 0x0000000780500000|100%|HS|  |TAMS 0x0000000780500000, 0x0000000780400000| Complete 
|   5|0x0000000780500000, 0x0000000780600000, 0x0000000780600000|100%|HS|  |TAMS 0x0000000780600000, 0x0000000780500000| Complete 
|   6|0x0000000780600000, 0x0000000780700000, 0x0000000780700000|100%|HS|  |TAMS 0x0000000780700000, 0x0000000780600000| Complete 
|   7|0x0000000780700000, 0x0000000780800000, 0x0000000780800000|100%|HS|  |TAMS 0x0000000780800000, 0x0000000780700000| Complete 
|   8|0x0000000780800000, 0x0000000780900000, 0x0000000780900000|100%|HS|  |TAMS 0x0000000780900000, 0x0000000780800000| Complete 
|   9|0x0000000780900000, 0x0000000780a00000, 0x0000000780a00000|100%|HS|  |TAMS 0x0000000780a00000, 0x0000000780900000| Complete 
|  10|0x0000000780a00000, 0x0000000780b00000, 0x0000000780b00000|100%|HS|  |TAMS 0x0000000780b00000, 0x0000000780a00000| Complete 
|  11|0x0000000780b00000, 0x0000000780c00000, 0x0000000780c00000|100%|HS|  |TAMS 0x0000000780c00000, 0x0000000780b00000| Complete 
|  12|0x0000000780c00000, 0x0000000780d00000, 0x0000000780d00000|100%|HS|  |TAMS 0x0000000780d00000, 0x0000000780c00000| Complete 
|  13|0x0000000780d00000, 0x0000000780e00000, 0x0000000780e00000|100%|HS|  |TAMS 0x0000000780e00000, 0x0000000780d00000| Complete 
|  14|0x0000000780e00000, 0x0000000780f00000, 0x0000000780f00000|100%|HS|  |TAMS 0x0000000780f00000, 0x0000000780e00000| Complete 
|  15|0x0000000780f00000, 0x0000000781000000, 0x0000000781000000|100%|HS|  |TAMS 0x0000000781000000, 0x0000000780f00000| Complete 
|  16|0x0000000781000000, 0x0000000781100000, 0x0000000781100000|100%|HS|  |TAMS 0x0000000781100000, 0x0000000781000000| Complete 
|  17|0x0000000781100000, 0x0000000781200000, 0x0000000781200000|100%|HS|  |TAMS 0x0000000781200000, 0x0000000781100000| Complete 
|  18|0x0000000781200000, 0x0000000781300000, 0x0000000781300000|100%|HS|  |TAMS 0x0000000781300000, 0x0000000781200000| Complete 
|  19|0x0000000781300000, 0x0000000781400000, 0x0000000781400000|100%|HS|  |TAMS 0x0000000781400000, 0x0000000781300000| Complete 
|  20|0x0000000781400000, 0x0000000781500000, 0x0000000781500000|100%|HS|  |TAMS 0x0000000781500000, 0x0000000781400000| Complete 
|  21|0x0000000781500000, 0x0000000781600000, 0x0000000781600000|100%|HS|  |TAMS 0x0000000781600000, 0x0000000781500000| Complete 
|  22|0x0000000781600000, 0x0000000781700000, 0x0000000781700000|100%|HS|  |TAMS 0x0000000781700000, 0x0000000781600000| Complete 
|  23|0x0000000781700000, 0x0000000781800000, 0x0000000781800000|100%|HS|  |TAMS 0x0000000781800000, 0x0000000781700000| Complete 
|  24|0x0000000781800000, 0x0000000781900000, 0x0000000781900000|100%|HS|  |TAMS 0x0000000781900000, 0x0000000781800000| Complete 
|  25|0x0000000781900000, 0x0000000781a00000, 0x0000000781a00000|100%|HS|  |TAMS 0x0000000781a00000, 0x0000000781900000| Complete 
|  26|0x0000000781a00000, 0x0000000781b00000, 0x0000000781b00000|100%|HS|  |TAMS 0x0000000781b00000, 0x0000000781a00000| Complete 
|  27|0x0000000781b00000, 0x0000000781c00000, 0x0000000781c00000|100%|HS|  |TAMS 0x0000000781c00000, 0x0000000781b00000| Complete 
|  28|0x0000000781c00000, 0x0000000781d00000, 0x0000000781d00000|100%|HS|  |TAMS 0x0000000781d00000, 0x0000000781c00000| Complete 
|  29|0x0000000781d00000, 0x0000000781e00000, 0x0000000781e00000|100%|HS|  |TAMS 0x0000000781e00000, 0x0000000781d00000| Complete 
|  30|0x0000000781e00000, 0x0000000781f00000, 0x0000000781f00000|100%|HS|  |TAMS 0x0000000781f00000, 0x0000000781e00000| Complete 
|  31|0x0000000781f00000, 0x0000000782000000, 0x0000000782000000|100%|HS|  |TAMS 0x0000000782000000, 0x0000000781f00000| Complete 
|  32|0x0000000782000000, 0x0000000782100000, 0x0000000782100000|100%|HS|  |TAMS 0x0000000782100000, 0x0000000782000000| Complete 
|  33|0x0000000782100000, 0x0000000782200000, 0x0000000782200000|100%|HS|  |TAMS 0x0000000782200000, 0x0000000782100000| Complete 
|  34|0x0000000782200000, 0x0000000782300000, 0x0000000782300000|100%|HS|  |TAMS 0x0000000782300000, 0x0000000782200000| Complete 
|  35|0x0000000782300000, 0x0000000782400000, 0x0000000782400000|100%|HS|  |TAMS 0x0000000782400000, 0x0000000782300000| Complete 
|  36|0x0000000782400000, 0x0000000782500000, 0x0000000782500000|100%|HS|  |TAMS 0x0000000782500000, 0x0000000782400000| Complete 
|  37|0x0000000782500000, 0x0000000782600000, 0x0000000782600000|100%|HS|  |TAMS 0x0000000782600000, 0x0000000782500000| Complete 
|  38|0x0000000782600000, 0x0000000782700000, 0x0000000782700000|100%|HS|  |TAMS 0x0000000782700000, 0x0000000782600000| Complete 
|  39|0x0000000782700000, 0x0000000782800000, 0x0000000782800000|100%|HS|  |TAMS 0x0000000782800000, 0x0000000782700000| Complete 
|  40|0x0000000782800000, 0x0000000782900000, 0x0000000782900000|100%|HS|  |TAMS 0x0000000782900000, 0x0000000782800000| Complete 
|  41|0x0000000782900000, 0x0000000782a00000, 0x0000000782a00000|100%|HS|  |TAMS 0x0000000782a00000, 0x0000000782900000| Complete 
|  42|0x0000000782a00000, 0x0000000782b00000, 0x0000000782b00000|100%|HS|  |TAMS 0x0000000782b00000, 0x0000000782a00000| Complete 
|  43|0x0000000782b00000, 0x0000000782c00000, 0x0000000782c00000|100%|HS|  |TAMS 0x0000000782c00000, 0x0000000782b00000| Complete 
|  44|0x0000000782c00000, 0x0000000782d00000, 0x0000000782d00000|100%|HS|  |TAMS 0x0000000782d00000, 0x0000000782c00000| Complete 
|  45|0x0000000782d00000, 0x0000000782e00000, 0x0000000782e00000|100%|HS|  |TAMS 0x0000000782e00000, 0x0000000782d00000| Complete 
|  46|0x0000000782e00000, 0x0000000782f00000, 0x0000000782f00000|100%|HS|  |TAMS 0x0000000782f00000, 0x0000000782e00000| Complete 
|  47|0x0000000782f00000, 0x0000000783000000, 0x0000000783000000|100%|HS|  |TAMS 0x0000000783000000, 0x0000000782f00000| Complete 
|  48|0x0000000783000000, 0x0000000783100000, 0x0000000783100000|100%|HS|  |TAMS 0x0000000783100000, 0x0000000783000000| Complete 
|  49|0x0000000783100000, 0x0000000783200000, 0x0000000783200000|100%|HS|  |TAMS 0x0000000783200000, 0x0000000783100000| Complete 
|  50|0x0000000783200000, 0x0000000783300000, 0x0000000783300000|100%|HS|  |TAMS 0x0000000783300000, 0x0000000783200000| Complete 
|  51|0x0000000783300000, 0x0000000783400000, 0x0000000783400000|100%|HS|  |TAMS 0x0000000783400000, 0x0000000783300000| Complete 
|  52|0x0000000783400000, 0x0000000783500000, 0x0000000783500000|100%|HS|  |TAMS 0x0000000783500000, 0x0000000783400000| Complete 
|  53|0x0000000783500000, 0x0000000783600000, 0x0000000783600000|100%|HS|  |TAMS 0x0000000783600000, 0x0000000783500000| Complete 
|  54|0x0000000783600000, 0x0000000783700000, 0x0000000783700000|100%|HS|  |TAMS 0x0000000783700000, 0x0000000783600000| Complete 
|  55|0x0000000783700000, 0x0000000783800000, 0x0000000783800000|100%|HS|  |TAMS 0x0000000783800000, 0x0000000783700000| Complete 
|  56|0x0000000783800000, 0x0000000783900000, 0x0000000783900000|100%|HS|  |TAMS 0x0000000783900000, 0x0000000783800000| Complete 
|  57|0x0000000783900000, 0x0000000783a00000, 0x0000000783a00000|100%|HS|  |TAMS 0x0000000783a00000, 0x0000000783900000| Complete 
|  58|0x0000000783a00000, 0x0000000783b00000, 0x0000000783b00000|100%|HS|  |TAMS 0x0000000783b00000, 0x0000000783a00000| Complete 
|  59|0x0000000783b00000, 0x0000000783c00000, 0x0000000783c00000|100%|HS|  |TAMS 0x0000000783c00000, 0x0000000783b00000| Complete 
|  60|0x0000000783c00000, 0x0000000783d00000, 0x0000000783d00000|100%|HS|  |TAMS 0x0000000783d00000, 0x0000000783c00000| Complete 
|  61|0x0000000783d00000, 0x0000000783e00000, 0x0000000783e00000|100%|HS|  |TAMS 0x0000000783e00000, 0x0000000783d00000| Complete 
|  62|0x0000000783e00000, 0x0000000783f00000, 0x0000000783f00000|100%|HS|  |TAMS 0x0000000783f00000, 0x0000000783e00000| Complete 
|  63|0x0000000783f00000, 0x0000000784000000, 0x0000000784000000|100%|HS|  |TAMS 0x0000000784000000, 0x0000000783f00000| Complete 
|  64|0x0000000784000000, 0x0000000784100000, 0x0000000784100000|100%| O|  |TAMS 0x0000000784100000, 0x0000000784000000| Untracked 
|  65|0x0000000784100000, 0x0000000784200000, 0x0000000784200000|100%| O|  |TAMS 0x0000000784200000, 0x0000000784100000| Untracked 
|  66|0x0000000784200000, 0x0000000784300000, 0x0000000784300000|100%| O|  |TAMS 0x0000000784300000, 0x0000000784200000| Untracked 
|  67|0x0000000784300000, 0x0000000784400000, 0x0000000784400000|100%| O|  |TAMS 0x0000000784400000, 0x0000000784300000| Untracked 
|  68|0x0000000784400000, 0x0000000784500000, 0x0000000784500000|100%| O|  |TAMS 0x0000000784500000, 0x0000000784400000| Untracked 
|  69|0x0000000784500000, 0x0000000784600000, 0x0000000784600000|100%| O|  |TAMS 0x0000000784600000, 0x0000000784500000| Untracked 
|  70|0x0000000784600000, 0x0000000784700000, 0x0000000784700000|100%| O|  |TAMS 0x0000000784700000, 0x0000000784600000| Untracked 
|  71|0x0000000784700000, 0x0000000784800000, 0x0000000784800000|100%| O|  |TAMS 0x0000000784800000, 0x0000000784700000| Untracked 
|  72|0x0000000784800000, 0x0000000784900000, 0x0000000784900000|100%| O|  |TAMS 0x0000000784900000, 0x0000000784800000| Untracked 
|  73|0x0000000784900000, 0x0000000784979400, 0x0000000784a00000| 47%| O|  |TAMS 0x0000000784979400, 0x0000000784900000| Untracked 
|  74|0x0000000784a00000, 0x0000000784b00000, 0x0000000784b00000|100%|HS|  |TAMS 0x0000000784b00000, 0x0000000784a00000| Complete 
|  75|0x0000000784b00000, 0x0000000784c00000, 0x0000000784c00000|100%|HS|  |TAMS 0x0000000784c00000, 0x0000000784b00000| Complete 
|  76|0x0000000784c00000, 0x0000000784d00000, 0x0000000784d00000|100%|HS|  |TAMS 0x0000000784d00000, 0x0000000784c00000| Complete 
|  77|0x0000000784d00000, 0x0000000784e00000, 0x0000000784e00000|100%|HS|  |TAMS 0x0000000784e00000, 0x0000000784d00000| Complete 
|  78|0x0000000784e00000, 0x0000000784f00000, 0x0000000784f00000|100%|HS|  |TAMS 0x0000000784f00000, 0x0000000784e00000| Complete 
|  79|0x0000000784f00000, 0x0000000785000000, 0x0000000785000000|100%|HS|  |TAMS 0x0000000785000000, 0x0000000784f00000| Complete 
|  80|0x0000000785000000, 0x0000000785100000, 0x0000000785100000|100%|HS|  |TAMS 0x0000000785100000, 0x0000000785000000| Complete 
|  81|0x0000000785100000, 0x0000000785200000, 0x0000000785200000|100%|HS|  |TAMS 0x0000000785200000, 0x0000000785100000| Complete 
|  82|0x0000000785200000, 0x0000000785300000, 0x0000000785300000|100%|HS|  |TAMS 0x0000000785300000, 0x0000000785200000| Complete 
|  83|0x0000000785300000, 0x0000000785400000, 0x0000000785400000|100%|HS|  |TAMS 0x0000000785300000, 0x0000000785300000| Complete 
|  84|0x0000000785400000, 0x0000000785500000, 0x0000000785500000|100%|HC|  |TAMS 0x0000000785400000, 0x0000000785400000| Complete 
|  85|0x0000000785500000, 0x0000000785500000, 0x0000000785600000|  0%| F|  |TAMS 0x0000000785500000, 0x0000000785500000| Untracked 
|  86|0x0000000785600000, 0x0000000785600000, 0x0000000785700000|  0%| F|  |TAMS 0x0000000785600000, 0x0000000785600000| Untracked 
|  87|0x0000000785700000, 0x0000000785700000, 0x0000000785800000|  0%| F|  |TAMS 0x0000000785700000, 0x0000000785700000| Untracked 
|  88|0x0000000785800000, 0x0000000785800000, 0x0000000785900000|  0%| F|  |TAMS 0x0000000785800000, 0x0000000785800000| Untracked 
|  89|0x0000000785900000, 0x0000000785900000, 0x0000000785a00000|  0%| F|  |TAMS 0x0000000785900000, 0x0000000785900000| Untracked 
|  90|0x0000000785a00000, 0x0000000785a00000, 0x0000000785b00000|  0%| F|  |TAMS 0x0000000785a00000, 0x0000000785a00000| Untracked 
|  91|0x0000000785b00000, 0x0000000785b00000, 0x0000000785c00000|  0%| F|  |TAMS 0x0000000785b00000, 0x0000000785b00000| Untracked 
|  92|0x0000000785c00000, 0x0000000785c00000, 0x0000000785d00000|  0%| F|  |TAMS 0x0000000785c00000, 0x0000000785c00000| Untracked 
|  93|0x0000000785d00000, 0x0000000785d00000, 0x0000000785e00000|  0%| F|  |TAMS 0x0000000785d00000, 0x0000000785d00000| Untracked 
|  94|0x0000000785e00000, 0x0000000785e00000, 0x0000000785f00000|  0%| F|  |TAMS 0x0000000785e00000, 0x0000000785e00000| Untracked 
|  95|0x0000000785f00000, 0x0000000785f00000, 0x0000000786000000|  0%| F|  |TAMS 0x0000000785f00000, 0x0000000785f00000| Untracked 
|  96|0x0000000786000000, 0x0000000786000000, 0x0000000786100000|  0%| F|  |TAMS 0x0000000786000000, 0x0000000786000000| Untracked 
|  97|0x0000000786100000, 0x0000000786100000, 0x0000000786200000|  0%| F|  |TAMS 0x0000000786100000, 0x0000000786100000| Untracked 
|  98|0x0000000786200000, 0x0000000786200000, 0x0000000786300000|  0%| F|  |TAMS 0x0000000786200000, 0x0000000786200000| Untracked 
|  99|0x0000000786300000, 0x0000000786300000, 0x0000000786400000|  0%| F|  |TAMS 0x0000000786300000, 0x0000000786300000| Untracked 
| 100|0x0000000786400000, 0x0000000786400000, 0x0000000786500000|  0%| F|  |TAMS 0x0000000786400000, 0x0000000786400000| Untracked 
| 101|0x0000000786500000, 0x0000000786500000, 0x0000000786600000|  0%| F|  |TAMS 0x0000000786500000, 0x0000000786500000| Untracked 
| 102|0x0000000786600000, 0x0000000786600000, 0x0000000786700000|  0%| F|  |TAMS 0x0000000786600000, 0x0000000786600000| Untracked 
| 103|0x0000000786700000, 0x0000000786700000, 0x0000000786800000|  0%| F|  |TAMS 0x0000000786700000, 0x0000000786700000| Untracked 
| 104|0x0000000786800000, 0x0000000786800000, 0x0000000786900000|  0%| F|  |TAMS 0x0000000786800000, 0x0000000786800000| Untracked 
| 105|0x0000000786900000, 0x0000000786900000, 0x0000000786a00000|  0%| F|  |TAMS 0x0000000786900000, 0x0000000786900000| Untracked 
| 106|0x0000000786a00000, 0x0000000786a00000, 0x0000000786b00000|  0%| F|  |TAMS 0x0000000786a00000, 0x0000000786a00000| Untracked 
| 107|0x0000000786b00000, 0x0000000786b00000, 0x0000000786c00000|  0%| F|  |TAMS 0x0000000786b00000, 0x0000000786b00000| Untracked 
| 108|0x0000000786c00000, 0x0000000786c00000, 0x0000000786d00000|  0%| F|  |TAMS 0x0000000786c00000, 0x0000000786c00000| Untracked 
| 109|0x0000000786d00000, 0x0000000786d00000, 0x0000000786e00000|  0%| F|  |TAMS 0x0000000786d00000, 0x0000000786d00000| Untracked 
| 110|0x0000000786e00000, 0x0000000786e00000, 0x0000000786f00000|  0%| F|  |TAMS 0x0000000786e00000, 0x0000000786e00000| Untracked 
| 111|0x0000000786f00000, 0x0000000786f00000, 0x0000000787000000|  0%| F|  |TAMS 0x0000000786f00000, 0x0000000786f00000| Untracked 
| 112|0x0000000787000000, 0x0000000787000000, 0x0000000787100000|  0%| F|  |TAMS 0x0000000787000000, 0x0000000787000000| Untracked 
| 113|0x0000000787100000, 0x0000000787100000, 0x0000000787200000|  0%| F|  |TAMS 0x0000000787100000, 0x0000000787100000| Untracked 
| 114|0x0000000787200000, 0x0000000787200000, 0x0000000787300000|  0%| F|  |TAMS 0x0000000787200000, 0x0000000787200000| Untracked 
| 115|0x0000000787300000, 0x0000000787300000, 0x0000000787400000|  0%| F|  |TAMS 0x0000000787300000, 0x0000000787300000| Untracked 
| 116|0x0000000787400000, 0x0000000787400000, 0x0000000787500000|  0%| F|  |TAMS 0x0000000787400000, 0x0000000787400000| Untracked 
| 117|0x0000000787500000, 0x0000000787500000, 0x0000000787600000|  0%| F|  |TAMS 0x0000000787500000, 0x0000000787500000| Untracked 
| 118|0x0000000787600000, 0x0000000787600000, 0x0000000787700000|  0%| F|  |TAMS 0x0000000787600000, 0x0000000787600000| Untracked 
| 119|0x0000000787700000, 0x0000000787700000, 0x0000000787800000|  0%| F|  |TAMS 0x0000000787700000, 0x0000000787700000| Untracked 
| 120|0x0000000787800000, 0x0000000787800000, 0x0000000787900000|  0%| F|  |TAMS 0x0000000787800000, 0x0000000787800000| Untracked 
| 121|0x0000000787900000, 0x0000000787900000, 0x0000000787a00000|  0%| F|  |TAMS 0x0000000787900000, 0x0000000787900000| Untracked 
| 122|0x0000000787a00000, 0x0000000787a00000, 0x0000000787b00000|  0%| F|  |TAMS 0x0000000787a00000, 0x0000000787a00000| Untracked 
| 123|0x0000000787b00000, 0x0000000787b00000, 0x0000000787c00000|  0%| F|  |TAMS 0x0000000787b00000, 0x0000000787b00000| Untracked 
| 124|0x0000000787c00000, 0x0000000787c00000, 0x0000000787d00000|  0%| F|  |TAMS 0x0000000787c00000, 0x0000000787c00000| Untracked 
| 125|0x0000000787d00000, 0x0000000787d00000, 0x0000000787e00000|  0%| F|  |TAMS 0x0000000787d00000, 0x0000000787d00000| Untracked 
| 126|0x0000000787e00000, 0x0000000787e00000, 0x0000000787f00000|  0%| F|  |TAMS 0x0000000787e00000, 0x0000000787e00000| Untracked 
| 127|0x0000000787f00000, 0x0000000787f00000, 0x0000000788000000|  0%| F|  |TAMS 0x0000000787f00000, 0x0000000787f00000| Untracked 
| 128|0x0000000788000000, 0x0000000788000000, 0x0000000788100000|  0%| F|  |TAMS 0x0000000788000000, 0x0000000788000000| Untracked 
| 129|0x0000000788100000, 0x0000000788100000, 0x0000000788200000|  0%| F|  |TAMS 0x0000000788100000, 0x0000000788100000| Untracked 
| 130|0x0000000788200000, 0x0000000788200000, 0x0000000788300000|  0%| F|  |TAMS 0x0000000788200000, 0x0000000788200000| Untracked 
| 131|0x0000000788300000, 0x0000000788300000, 0x0000000788400000|  0%| F|  |TAMS 0x0000000788300000, 0x0000000788300000| Untracked 
| 132|0x0000000788400000, 0x0000000788500000, 0x0000000788500000|100%| O|  |TAMS 0x0000000788500000, 0x0000000788400000| Untracked 
| 133|0x0000000788500000, 0x0000000788600000, 0x0000000788600000|100%| O|  |TAMS 0x0000000788600000, 0x0000000788500000| Untracked 
| 134|0x0000000788600000, 0x0000000788700000, 0x0000000788700000|100%| O|  |TAMS 0x0000000788700000, 0x0000000788600000| Untracked 
| 135|0x0000000788700000, 0x0000000788800000, 0x0000000788800000|100%| O|  |TAMS 0x0000000788800000, 0x0000000788700000| Untracked 
| 136|0x0000000788800000, 0x0000000788900000, 0x0000000788900000|100%| O|  |TAMS 0x0000000788900000, 0x0000000788800000| Untracked 
| 137|0x0000000788900000, 0x0000000788a00000, 0x0000000788a00000|100%| O|  |TAMS 0x0000000788a00000, 0x0000000788900000| Untracked 
| 138|0x0000000788a00000, 0x0000000788b00000, 0x0000000788b00000|100%| O|  |TAMS 0x0000000788b00000, 0x0000000788a00000| Untracked 
| 139|0x0000000788b00000, 0x0000000788c00000, 0x0000000788c00000|100%| O|  |TAMS 0x0000000788c00000, 0x0000000788b00000| Untracked 
| 140|0x0000000788c00000, 0x0000000788d00000, 0x0000000788d00000|100%| O|  |TAMS 0x0000000788d00000, 0x0000000788c00000| Untracked 
| 141|0x0000000788d00000, 0x0000000788e00000, 0x0000000788e00000|100%| O|  |TAMS 0x0000000788e00000, 0x0000000788d00000| Untracked 
| 142|0x0000000788e00000, 0x0000000788f00000, 0x0000000788f00000|100%| O|  |TAMS 0x0000000788f00000, 0x0000000788e00000| Untracked 
| 143|0x0000000788f00000, 0x0000000789000000, 0x0000000789000000|100%| O|  |TAMS 0x0000000789000000, 0x0000000788f00000| Untracked 
| 144|0x0000000789000000, 0x0000000789100000, 0x0000000789100000|100%| O|  |TAMS 0x0000000789100000, 0x0000000789000000| Untracked 
| 145|0x0000000789100000, 0x0000000789200000, 0x0000000789200000|100%| O|  |TAMS 0x0000000789200000, 0x0000000789100000| Untracked 
| 146|0x0000000789200000, 0x0000000789300000, 0x0000000789300000|100%| O|  |TAMS 0x0000000789300000, 0x0000000789200000| Untracked 
| 147|0x0000000789300000, 0x0000000789400000, 0x0000000789400000|100%| O|  |TAMS 0x0000000789400000, 0x0000000789300000| Untracked 
| 148|0x0000000789400000, 0x0000000789500000, 0x0000000789500000|100%| O|  |TAMS 0x0000000789500000, 0x0000000789400000| Untracked 
| 149|0x0000000789500000, 0x0000000789600000, 0x0000000789600000|100%| O|  |TAMS 0x0000000789600000, 0x0000000789500000| Untracked 
| 150|0x0000000789600000, 0x0000000789700000, 0x0000000789700000|100%| O|  |TAMS 0x0000000789700000, 0x0000000789600000| Untracked 
| 151|0x0000000789700000, 0x0000000789800000, 0x0000000789800000|100%| O|  |TAMS 0x0000000789800000, 0x0000000789700000| Untracked 
| 152|0x0000000789800000, 0x0000000789900000, 0x0000000789900000|100%| O|  |TAMS 0x0000000789900000, 0x0000000789800000| Untracked 
| 153|0x0000000789900000, 0x0000000789a00000, 0x0000000789a00000|100%| O|  |TAMS 0x0000000789a00000, 0x0000000789900000| Untracked 
| 154|0x0000000789a00000, 0x0000000789b00000, 0x0000000789b00000|100%| O|  |TAMS 0x0000000789b00000, 0x0000000789a00000| Untracked 
| 155|0x0000000789b00000, 0x0000000789c00000, 0x0000000789c00000|100%| O|  |TAMS 0x0000000789c00000, 0x0000000789b00000| Untracked 
| 156|0x0000000789c00000, 0x0000000789d00000, 0x0000000789d00000|100%| O|  |TAMS 0x0000000789d00000, 0x0000000789c00000| Untracked 
| 157|0x0000000789d00000, 0x0000000789e00000, 0x0000000789e00000|100%| O|  |TAMS 0x0000000789e00000, 0x0000000789d00000| Untracked 
| 158|0x0000000789e00000, 0x0000000789f00000, 0x0000000789f00000|100%| O|  |TAMS 0x0000000789f00000, 0x0000000789e00000| Untracked 
| 159|0x0000000789f00000, 0x000000078a000000, 0x000000078a000000|100%| E|  |TAMS 0x0000000789f00000, 0x0000000789f00000| Complete 
| 160|0x000000078a000000, 0x000000078a100000, 0x000000078a100000|100%| E|CS|TAMS 0x000000078a000000, 0x000000078a000000| Complete 
| 161|0x000000078a100000, 0x000000078a200000, 0x000000078a200000|100%| E|CS|TAMS 0x000000078a100000, 0x000000078a100000| Complete 
| 162|0x000000078a200000, 0x000000078a300000, 0x000000078a300000|100%| E|CS|TAMS 0x000000078a200000, 0x000000078a200000| Complete 
| 163|0x000000078a300000, 0x000000078a400000, 0x000000078a400000|100%| E|CS|TAMS 0x000000078a300000, 0x000000078a300000| Complete 
| 164|0x000000078a400000, 0x000000078a500000, 0x000000078a500000|100%| E|CS|TAMS 0x000000078a400000, 0x000000078a400000| Complete 
| 165|0x000000078a500000, 0x000000078a600000, 0x000000078a600000|100%| E|CS|TAMS 0x000000078a500000, 0x000000078a500000| Complete 
| 166|0x000000078a600000, 0x000000078a700000, 0x000000078a700000|100%| E|CS|TAMS 0x000000078a600000, 0x000000078a600000| Complete 
| 167|0x000000078a700000, 0x000000078a800000, 0x000000078a800000|100%| E|CS|TAMS 0x000000078a700000, 0x000000078a700000| Complete 
| 168|0x000000078a800000, 0x000000078a900000, 0x000000078a900000|100%| E|CS|TAMS 0x000000078a800000, 0x000000078a800000| Complete 
| 169|0x000000078a900000, 0x000000078aa00000, 0x000000078aa00000|100%| E|CS|TAMS 0x000000078a900000, 0x000000078a900000| Complete 
| 170|0x000000078aa00000, 0x000000078ab00000, 0x000000078ab00000|100%| E|CS|TAMS 0x000000078aa00000, 0x000000078aa00000| Complete 
| 171|0x000000078ab00000, 0x000000078ac00000, 0x000000078ac00000|100%| E|CS|TAMS 0x000000078ab00000, 0x000000078ab00000| Complete 
| 172|0x000000078ac00000, 0x000000078ad00000, 0x000000078ad00000|100%| E|CS|TAMS 0x000000078ac00000, 0x000000078ac00000| Complete 
| 173|0x000000078ad00000, 0x000000078ae00000, 0x000000078ae00000|100%| E|CS|TAMS 0x000000078ad00000, 0x000000078ad00000| Complete 
| 174|0x000000078ae00000, 0x000000078af00000, 0x000000078af00000|100%| E|CS|TAMS 0x000000078ae00000, 0x000000078ae00000| Complete 
| 175|0x000000078af00000, 0x000000078b000000, 0x000000078b000000|100%| E|CS|TAMS 0x000000078af00000, 0x000000078af00000| Complete 
| 176|0x000000078b000000, 0x000000078b100000, 0x000000078b100000|100%| E|CS|TAMS 0x000000078b000000, 0x000000078b000000| Complete 
| 177|0x000000078b100000, 0x000000078b200000, 0x000000078b200000|100%| E|CS|TAMS 0x000000078b100000, 0x000000078b100000| Complete 
| 178|0x000000078b200000, 0x000000078b300000, 0x000000078b300000|100%| E|CS|TAMS 0x000000078b200000, 0x000000078b200000| Complete 
| 179|0x000000078b300000, 0x000000078b400000, 0x000000078b400000|100%| E|CS|TAMS 0x000000078b300000, 0x000000078b300000| Complete 
| 180|0x000000078b400000, 0x000000078b500000, 0x000000078b500000|100%| E|CS|TAMS 0x000000078b400000, 0x000000078b400000| Complete 
| 181|0x000000078b500000, 0x000000078b600000, 0x000000078b600000|100%| E|CS|TAMS 0x000000078b500000, 0x000000078b500000| Complete 
| 182|0x000000078b600000, 0x000000078b700000, 0x000000078b700000|100%| E|CS|TAMS 0x000000078b600000, 0x000000078b600000| Complete 
| 183|0x000000078b700000, 0x000000078b800000, 0x000000078b800000|100%| E|CS|TAMS 0x000000078b700000, 0x000000078b700000| Complete 
| 184|0x000000078b800000, 0x000000078b900000, 0x000000078b900000|100%| E|CS|TAMS 0x000000078b800000, 0x000000078b800000| Complete 
| 185|0x000000078b900000, 0x000000078ba00000, 0x000000078ba00000|100%| E|CS|TAMS 0x000000078b900000, 0x000000078b900000| Complete 
| 186|0x000000078ba00000, 0x000000078bb00000, 0x000000078bb00000|100%| E|CS|TAMS 0x000000078ba00000, 0x000000078ba00000| Complete 
| 187|0x000000078bb00000, 0x000000078bc00000, 0x000000078bc00000|100%| E|CS|TAMS 0x000000078bb00000, 0x000000078bb00000| Complete 
| 188|0x000000078bc00000, 0x000000078bd00000, 0x000000078bd00000|100%| E|CS|TAMS 0x000000078bc00000, 0x000000078bc00000| Complete 
| 189|0x000000078bd00000, 0x000000078be00000, 0x000000078be00000|100%| E|CS|TAMS 0x000000078bd00000, 0x000000078bd00000| Complete 
| 190|0x000000078be00000, 0x000000078bf00000, 0x000000078bf00000|100%| E|CS|TAMS 0x000000078be00000, 0x000000078be00000| Complete 
| 191|0x000000078bf00000, 0x000000078c000000, 0x000000078c000000|100%| E|CS|TAMS 0x000000078bf00000, 0x000000078bf00000| Complete 
| 192|0x000000078c000000, 0x000000078c100000, 0x000000078c100000|100%| E|CS|TAMS 0x000000078c000000, 0x000000078c000000| Complete 
| 193|0x000000078c100000, 0x000000078c200000, 0x000000078c200000|100%| E|CS|TAMS 0x000000078c100000, 0x000000078c100000| Complete 
| 194|0x000000078c200000, 0x000000078c300000, 0x000000078c300000|100%| E|CS|TAMS 0x000000078c200000, 0x000000078c200000| Complete 
| 195|0x000000078c300000, 0x000000078c400000, 0x000000078c400000|100%| E|CS|TAMS 0x000000078c300000, 0x000000078c300000| Complete 
| 196|0x000000078c400000, 0x000000078c500000, 0x000000078c500000|100%| E|CS|TAMS 0x000000078c400000, 0x000000078c400000| Complete 
| 197|0x000000078c500000, 0x000000078c600000, 0x000000078c600000|100%| E|CS|TAMS 0x000000078c500000, 0x000000078c500000| Complete 
| 198|0x000000078c600000, 0x000000078c700000, 0x000000078c700000|100%| E|CS|TAMS 0x000000078c600000, 0x000000078c600000| Complete 
| 199|0x000000078c700000, 0x000000078c800000, 0x000000078c800000|100%| E|CS|TAMS 0x000000078c700000, 0x000000078c700000| Complete 
| 200|0x000000078c800000, 0x000000078c900000, 0x000000078c900000|100%| E|CS|TAMS 0x000000078c800000, 0x000000078c800000| Complete 
| 201|0x000000078c900000, 0x000000078ca00000, 0x000000078ca00000|100%| E|CS|TAMS 0x000000078c900000, 0x000000078c900000| Complete 
| 202|0x000000078ca00000, 0x000000078cb00000, 0x000000078cb00000|100%| E|CS|TAMS 0x000000078ca00000, 0x000000078ca00000| Complete 
| 203|0x000000078cb00000, 0x000000078cc00000, 0x000000078cc00000|100%| E|CS|TAMS 0x000000078cb00000, 0x000000078cb00000| Complete 
| 204|0x000000078cc00000, 0x000000078cd00000, 0x000000078cd00000|100%| E|CS|TAMS 0x000000078cc00000, 0x000000078cc00000| Complete 
| 205|0x000000078cd00000, 0x000000078ce00000, 0x000000078ce00000|100%| E|CS|TAMS 0x000000078cd00000, 0x000000078cd00000| Complete 
| 206|0x000000078ce00000, 0x000000078cf00000, 0x000000078cf00000|100%| E|CS|TAMS 0x000000078ce00000, 0x000000078ce00000| Complete 
| 207|0x000000078cf00000, 0x000000078d000000, 0x000000078d000000|100%| E|CS|TAMS 0x000000078cf00000, 0x000000078cf00000| Complete 
| 208|0x000000078d000000, 0x000000078d100000, 0x000000078d100000|100%| E|CS|TAMS 0x000000078d000000, 0x000000078d000000| Complete 
| 209|0x000000078d100000, 0x000000078d200000, 0x000000078d200000|100%| E|CS|TAMS 0x000000078d100000, 0x000000078d100000| Complete 
| 210|0x000000078d200000, 0x000000078d300000, 0x000000078d300000|100%| E|CS|TAMS 0x000000078d200000, 0x000000078d200000| Complete 
| 211|0x000000078d300000, 0x000000078d400000, 0x000000078d400000|100%| E|CS|TAMS 0x000000078d300000, 0x000000078d300000| Complete 
| 212|0x000000078d400000, 0x000000078d500000, 0x000000078d500000|100%| E|CS|TAMS 0x000000078d400000, 0x000000078d400000| Complete 
| 213|0x000000078d500000, 0x000000078d600000, 0x000000078d600000|100%| E|CS|TAMS 0x000000078d500000, 0x000000078d500000| Complete 
| 214|0x000000078d600000, 0x000000078d700000, 0x000000078d700000|100%| E|CS|TAMS 0x000000078d600000, 0x000000078d600000| Complete 
| 215|0x000000078d700000, 0x000000078d78cd18, 0x000000078d800000| 55%| S|CS|TAMS 0x000000078d700000, 0x000000078d700000| Complete 
| 216|0x000000078d800000, 0x000000078d900000, 0x000000078d900000|100%| S|CS|TAMS 0x000000078d800000, 0x000000078d800000| Complete 
| 217|0x000000078d900000, 0x000000078da00000, 0x000000078da00000|100%| E|CS|TAMS 0x000000078d900000, 0x000000078d900000| Complete 
| 218|0x000000078da00000, 0x000000078db00000, 0x000000078db00000|100%| E|CS|TAMS 0x000000078da00000, 0x000000078da00000| Complete 
| 219|0x000000078db00000, 0x000000078dc00000, 0x000000078dc00000|100%| E|CS|TAMS 0x000000078db00000, 0x000000078db00000| Complete 
| 220|0x000000078dc00000, 0x000000078dd00000, 0x000000078dd00000|100%| E|CS|TAMS 0x000000078dc00000, 0x000000078dc00000| Complete 
| 221|0x000000078dd00000, 0x000000078de00000, 0x000000078de00000|100%| E|CS|TAMS 0x000000078dd00000, 0x000000078dd00000| Complete 
| 222|0x000000078de00000, 0x000000078df00000, 0x000000078df00000|100%| E|CS|TAMS 0x000000078de00000, 0x000000078de00000| Complete 
| 223|0x000000078df00000, 0x000000078e000000, 0x000000078e000000|100%| E|CS|TAMS 0x000000078df00000, 0x000000078df00000| Complete 
| 224|0x000000078e000000, 0x000000078e100000, 0x000000078e100000|100%| E|CS|TAMS 0x000000078e000000, 0x000000078e000000| Complete 
| 225|0x000000078e100000, 0x000000078e200000, 0x000000078e200000|100%| E|CS|TAMS 0x000000078e100000, 0x000000078e100000| Complete 
| 226|0x000000078e200000, 0x000000078e300000, 0x000000078e300000|100%| E|CS|TAMS 0x000000078e200000, 0x000000078e200000| Complete 
| 227|0x000000078e300000, 0x000000078e400000, 0x000000078e400000|100%| E|CS|TAMS 0x000000078e300000, 0x000000078e300000| Complete 
| 228|0x000000078e400000, 0x000000078e500000, 0x000000078e500000|100%| E|CS|TAMS 0x000000078e400000, 0x000000078e400000| Complete 
| 229|0x000000078e500000, 0x000000078e600000, 0x000000078e600000|100%| E|CS|TAMS 0x000000078e500000, 0x000000078e500000| Complete 

Card table byte_map: [0x000000010b6fd000,0x000000010bafd000] _byte_map_base: 0x0000000107afd000

Marking Bits (Prev, Next): (CMBitMap*) 0x00007ff1ba030050, (CMBitMap*) 0x00007ff1ba030018
 Prev Bits: [0x0000000127af5000, 0x0000000129af5000)
 Next Bits: [0x0000000125af5000, 0x0000000127af5000)

Polling page: 0x0000000102929000

Metaspace:

Usage:
  Non-class:     18.32 MB capacity,    17.97 MB ( 98%) used,   285.15 KB (  2%) free+waste,    75.25 KB ( <1%) overhead. 
      Class:      2.66 MB capacity,     2.39 MB ( 90%) used,   241.45 KB (  9%) free+waste,    39.19 KB (  1%) overhead. 
       Both:     20.98 MB capacity,    20.35 MB ( 97%) used,   526.60 KB (  2%) free+waste,   114.44 KB ( <1%) overhead. 

Virtual space:
  Non-class space:       20.00 MB reserved,      18.50 MB ( 92%) committed 
      Class space:        1.00 GB reserved,       2.75 MB ( <1%) committed 
             Both:        1.02 GB reserved,      21.25 MB (  2%) committed 

Chunk freelists:
   Non-Class:  91.00 KB
       Class:  0 bytes
        Both:  91.00 KB

MaxMetaspaceSize: unlimited
CompressedClassSpaceSize: 1.00 GB
Initial GC threshold: 20.80 MB
Current GC threshold: 31.88 MB
CDS: off

CodeHeap 'non-profiled nmethods': size=120032Kb used=1977Kb max_used=1977Kb free=118054Kb
 bounds [0x000000011e1bd000, 0x000000011e42d000, 0x00000001256f5000]
CodeHeap 'profiled nmethods': size=120028Kb used=7238Kb max_used=7238Kb free=112789Kb
 bounds [0x0000000116c86000, 0x00000001173a6000, 0x000000011e1bd000]
CodeHeap 'non-nmethods': size=5700Kb used=1403Kb max_used=1436Kb free=4296Kb
 bounds [0x00000001166f5000, 0x0000000116965000, 0x0000000116c86000]
 total_blobs=4409 nmethods=3673 adapters=649
 compilation: enabled
              stopped_count=0, restarted_count=0
 full_count=0

Compilation events (20 events):
Event: 1143.241 Thread 0x00007ff1ba0fb000 3670       4       com.sun.prism.paint.Color::isOpaque (15 bytes)
Event: 1143.244 Thread 0x00007ff1ba0fb000 nmethod 3670 0x000000011e3aa890 code [0x000000011e3aaa40, 0x000000011e3aaad8]
Event: 1144.332 Thread 0x00007ff1ba0fb800 3671       3       javafx.scene.control.Control::computeMaxHeight (51 bytes)
Event: 1144.336 Thread 0x00007ff1ba0fb800 nmethod 3671 0x000000011738d890 code [0x000000011738dd20, 0x0000000117390200]
Event: 1144.336 Thread 0x00007ff1ba0fb800 3672       3       javafx.scene.control.skin.LabeledSkinBase::computeMaxHeight (12 bytes)
Event: 1144.336 Thread 0x00007ff1ba0fb800 nmethod 3672 0x0000000117390b90 code [0x0000000117390d60, 0x0000000117390fa0]
Event: 1144.336 Thread 0x00007ff1ba0fb800 3673       3       com.sun.javafx.text.PrismTextLayout::setContent (85 bytes)
Event: 1144.338 Thread 0x00007ff1ba0fb800 nmethod 3673 0x0000000117391090 code [0x0000000117391360, 0x0000000117392490]
Event: 1144.341 Thread 0x00007ff1ba0fb800 3674       3       javafx.scene.control.Control::computeMaxWidth (51 bytes)
Event: 1144.344 Thread 0x00007ff1ba0fb800 nmethod 3674 0x0000000117392a10 code [0x0000000117392ea0, 0x0000000117395380]
Event: 1144.344 Thread 0x00007ff1ba0fb800 3675       3       javafx.scene.control.skin.LabeledSkinBase::computeMaxWidth (12 bytes)
Event: 1144.345 Thread 0x00007ff1ba0fb800 nmethod 3675 0x0000000117395d10 code [0x0000000117395ee0, 0x0000000117396120]
Event: 1150.775 Thread 0x00007ff1ba0fb800 3676       3       com.sun.glass.ui.mac.MacApplication::staticCursor_setVisible (5 bytes)
Event: 1150.776 Thread 0x00007ff1ba0fb800 nmethod 3676 0x0000000117396210 code [0x00000001173963c0, 0x00000001173964e0]
Event: 1150.776 Thread 0x00007ff1ba0fb800 3677       3       com.sun.glass.ui.mac.MacCursor::setVisible_impl (37 bytes)
Event: 1150.777 Thread 0x00007ff1ba0fb800 nmethod 3677 0x0000000117396590 code [0x0000000117396760, 0x0000000117396980]
Event: 1173.255 Thread 0x00007ff1ba0fb800 3679       3       javafx.scene.Node$16::invalidated (43 bytes)
Event: 1173.257 Thread 0x00007ff1ba0fb800 nmethod 3679 0x0000000117396a10 code [0x0000000117396ca0, 0x0000000117397770]
Event: 1173.759 Thread 0x00007ff1ba0fb000 3680       4       javafx.scene.Node::syncPeer (43 bytes)
Event: 1173.766 Thread 0x00007ff1ba0fb000 nmethod 3680 0x000000011e3aaf90 code [0x000000011e3ab140, 0x000000011e3ab2b8]

GC Heap History (20 events):
Event: 2.964 GC heap before
{Heap before GC invocations=15 (full 0):
 garbage-first heap   total 162816K, used 102903K [0x0000000780000000, 0x0000000800000000)
  region size 1024K, 2 young (2048K), 1 survivors (1024K)
 Metaspace       used 15470K, capacity 15869K, committed 16128K, reserved 1062912K
  class space    used 1855K, capacity 2022K, committed 2048K, reserved 1048576K
}
Event: 2.964 GC heap after
{Heap after GC invocations=16 (full 0):
 garbage-first heap   total 162816K, used 102911K [0x0000000780000000, 0x0000000800000000)
  region size 1024K, 1 young (1024K), 1 survivors (1024K)
 Metaspace       used 15470K, capacity 15869K, committed 16128K, reserved 1062912K
  class space    used 1855K, capacity 2022K, committed 2048K, reserved 1048576K
}
Event: 2.989 GC heap before
{Heap before GC invocations=17 (full 0):
 garbage-first heap   total 162816K, used 103935K [0x0000000780000000, 0x0000000800000000)
  region size 1024K, 2 young (2048K), 1 survivors (1024K)
 Metaspace       used 15474K, capacity 15869K, committed 16128K, reserved 1062912K
  class space    used 1855K, capacity 2022K, committed 2048K, reserved 1048576K
}
Event: 2.989 GC heap after
{Heap after GC invocations=18 (full 0):
 garbage-first heap   total 162816K, used 103937K [0x0000000780000000, 0x0000000800000000)
  region size 1024K, 1 young (1024K), 1 survivors (1024K)
 Metaspace       used 15474K, capacity 15869K, committed 16128K, reserved 1062912K
  class space    used 1855K, capacity 2022K, committed 2048K, reserved 1048576K
}
Event: 3.016 GC heap before
{Heap before GC invocations=19 (full 0):
 garbage-first heap   total 162816K, used 104961K [0x0000000780000000, 0x0000000800000000)
  region size 1024K, 2 young (2048K), 1 survivors (1024K)
 Metaspace       used 15474K, capacity 15869K, committed 16128K, reserved 1062912K
  class space    used 1855K, capacity 2022K, committed 2048K, reserved 1048576K
}
Event: 3.016 GC heap after
{Heap after GC invocations=20 (full 0):
 garbage-first heap   total 162816K, used 104966K [0x0000000780000000, 0x0000000800000000)
  region size 1024K, 1 young (1024K), 1 survivors (1024K)
 Metaspace       used 15474K, capacity 15869K, committed 16128K, reserved 1062912K
  class space    used 1855K, capacity 2022K, committed 2048K, reserved 1048576K
}
Event: 3.038 GC heap before
{Heap before GC invocations=21 (full 0):
 garbage-first heap   total 162816K, used 105990K [0x0000000780000000, 0x0000000800000000)
  region size 1024K, 2 young (2048K), 1 survivors (1024K)
 Metaspace       used 15474K, capacity 15869K, committed 16128K, reserved 1062912K
  class space    used 1855K, capacity 2022K, committed 2048K, reserved 1048576K
}
Event: 3.039 GC heap after
{Heap after GC invocations=22 (full 0):
 garbage-first heap   total 195584K, used 105994K [0x0000000780000000, 0x0000000800000000)
  region size 1024K, 1 young (1024K), 1 survivors (1024K)
 Metaspace       used 15474K, capacity 15869K, committed 16128K, reserved 1062912K
  class space    used 1855K, capacity 2022K, committed 2048K, reserved 1048576K
}
Event: 3.063 GC heap before
{Heap before GC invocations=23 (full 0):
 garbage-first heap   total 195584K, used 107018K [0x0000000780000000, 0x0000000800000000)
  region size 1024K, 2 young (2048K), 1 survivors (1024K)
 Metaspace       used 15474K, capacity 15869K, committed 16128K, reserved 1062912K
  class space    used 1855K, capacity 2022K, committed 2048K, reserved 1048576K
}
Event: 3.063 GC heap after
{Heap after GC invocations=24 (full 0):
 garbage-first heap   total 195584K, used 107025K [0x0000000780000000, 0x0000000800000000)
  region size 1024K, 1 young (1024K), 1 survivors (1024K)
 Metaspace       used 15474K, capacity 15869K, committed 16128K, reserved 1062912K
  class space    used 1855K, capacity 2022K, committed 2048K, reserved 1048576K
}
Event: 3.093 GC heap before
{Heap before GC invocations=25 (full 0):
 garbage-first heap   total 195584K, used 108049K [0x0000000780000000, 0x0000000800000000)
  region size 1024K, 2 young (2048K), 1 survivors (1024K)
 Metaspace       used 15483K, capacity 15869K, committed 16128K, reserved 1062912K
  class space    used 1855K, capacity 2022K, committed 2048K, reserved 1048576K
}
Event: 3.094 GC heap after
{Heap after GC invocations=26 (full 0):
 garbage-first heap   total 195584K, used 108064K [0x0000000780000000, 0x0000000800000000)
  region size 1024K, 1 young (1024K), 1 survivors (1024K)
 Metaspace       used 15483K, capacity 15869K, committed 16128K, reserved 1062912K
  class space    used 1855K, capacity 2022K, committed 2048K, reserved 1048576K
}
Event: 3.122 GC heap before
{Heap before GC invocations=27 (full 0):
 garbage-first heap   total 195584K, used 109088K [0x0000000780000000, 0x0000000800000000)
  region size 1024K, 2 young (2048K), 1 survivors (1024K)
 Metaspace       used 15483K, capacity 15869K, committed 16128K, reserved 1062912K
  class space    used 1855K, capacity 2022K, committed 2048K, reserved 1048576K
}
Event: 3.122 GC heap after
{Heap after GC invocations=28 (full 0):
 garbage-first heap   total 195584K, used 109094K [0x0000000780000000, 0x0000000800000000)
  region size 1024K, 1 young (1024K), 1 survivors (1024K)
 Metaspace       used 15483K, capacity 15869K, committed 16128K, reserved 1062912K
  class space    used 1855K, capacity 2022K, committed 2048K, reserved 1048576K
}
Event: 3.143 GC heap before
{Heap before GC invocations=29 (full 0):
 garbage-first heap   total 195584K, used 110118K [0x0000000780000000, 0x0000000800000000)
  region size 1024K, 2 young (2048K), 1 survivors (1024K)
 Metaspace       used 15483K, capacity 15869K, committed 16128K, reserved 1062912K
  class space    used 1855K, capacity 2022K, committed 2048K, reserved 1048576K
}
Event: 3.144 GC heap after
{Heap after GC invocations=30 (full 0):
 garbage-first heap   total 235520K, used 110123K [0x0000000780000000, 0x0000000800000000)
  region size 1024K, 1 young (1024K), 1 survivors (1024K)
 Metaspace       used 15483K, capacity 15869K, committed 16128K, reserved 1062912K
  class space    used 1855K, capacity 2022K, committed 2048K, reserved 1048576K
}
Event: 3.168 GC heap before
{Heap before GC invocations=31 (full 0):
 garbage-first heap   total 235520K, used 111147K [0x0000000780000000, 0x0000000800000000)
  region size 1024K, 2 young (2048K), 1 survivors (1024K)
 Metaspace       used 15483K, capacity 15869K, committed 16128K, reserved 1062912K
  class space    used 1855K, capacity 2022K, committed 2048K, reserved 1048576K
}
Event: 3.169 GC heap after
{Heap after GC invocations=32 (full 0):
 garbage-first heap   total 235520K, used 111153K [0x0000000780000000, 0x0000000800000000)
  region size 1024K, 1 young (1024K), 1 survivors (1024K)
 Metaspace       used 15483K, capacity 15869K, committed 16128K, reserved 1062912K
  class space    used 1855K, capacity 2022K, committed 2048K, reserved 1048576K
}
Event: 3.939 GC heap before
{Heap before GC invocations=33 (full 0):
 garbage-first heap   total 235520K, used 123441K [0x0000000780000000, 0x0000000800000000)
  region size 1024K, 13 young (13312K), 1 survivors (1024K)
 Metaspace       used 18770K, capacity 19317K, committed 19584K, reserved 1067008K
  class space    used 2319K, capacity 2580K, committed 2688K, reserved 1048576K
}
Event: 3.942 GC heap after
{Heap after GC invocations=34 (full 0):
 garbage-first heap   total 235520K, used 113688K [0x0000000780000000, 0x0000000800000000)
  region size 1024K, 2 young (2048K), 2 survivors (2048K)
 Metaspace       used 18770K, capacity 19317K, committed 19584K, reserved 1067008K
  class space    used 2319K, capacity 2580K, committed 2688K, reserved 1048576K
}

Deoptimization events (20 events):
Event: 917.210 Thread 0x00007ff1ba1c8000 Uncommon trap: trap_request=0xffffff4d fr.pc=0x000000011e3761d4 relative=0x0000000000000114
Event: 917.211 Thread 0x00007ff1ba1c8000 Uncommon trap: reason=unstable_if action=reinterpret pc=0x000000011e3761d4 method=com.sun.prism.impl.ManagedResource.bumpAge(I)V @ 7 c2
Event: 917.211 Thread 0x00007ff1ba1c8000 DEOPT PACKING pc=0x000000011e3761d4 sp=0x000000030a7cf430
Event: 917.211 Thread 0x00007ff1ba1c8000 DEOPT UNPACKING pc=0x000000011673ee9f sp=0x000000030a7cf368 mode 2
Event: 1090.724 Thread 0x00007ff1bb1bc800 Uncommon trap: trap_request=0xffffff6e fr.pc=0x000000011e38fe3c relative=0x000000000000017c
Event: 1090.724 Thread 0x00007ff1bb1bc800 Uncommon trap: reason=speculate_class_check action=maybe_recompile pc=0x000000011e38fe3c method=javafx.beans.property.ObjectPropertyBase.markInvalid()V @ 13 c2
Event: 1090.727 Thread 0x00007ff1bb1bc800 DEOPT PACKING pc=0x000000011e38fe3c sp=0x0000000309506520
Event: 1090.727 Thread 0x00007ff1bb1bc800 DEOPT UNPACKING pc=0x000000011673ee9f sp=0x0000000309506470 mode 2
Event: 1090.728 Thread 0x00007ff1bb1bc800 Uncommon trap: trap_request=0xffffff6e fr.pc=0x000000011e38fe3c relative=0x000000000000017c
Event: 1090.728 Thread 0x00007ff1bb1bc800 Uncommon trap: reason=speculate_class_check action=maybe_recompile pc=0x000000011e38fe3c method=javafx.beans.property.ObjectPropertyBase.markInvalid()V @ 13 c2
Event: 1090.728 Thread 0x00007ff1bb1bc800 DEOPT PACKING pc=0x000000011e38fe3c sp=0x0000000309506430
Event: 1090.728 Thread 0x00007ff1bb1bc800 DEOPT UNPACKING pc=0x000000011673ee9f sp=0x0000000309506380 mode 2
Event: 1100.630 Thread 0x00007ff1bb1bc800 Uncommon trap: trap_request=0xffffff6e fr.pc=0x000000011e38fe3c relative=0x000000000000017c
Event: 1100.630 Thread 0x00007ff1bb1bc800 Uncommon trap: reason=speculate_class_check action=maybe_recompile pc=0x000000011e38fe3c method=javafx.beans.property.ObjectPropertyBase.markInvalid()V @ 13 c2
Event: 1100.630 Thread 0x00007ff1bb1bc800 DEOPT PACKING pc=0x000000011e38fe3c sp=0x0000000309506520
Event: 1100.630 Thread 0x00007ff1bb1bc800 DEOPT UNPACKING pc=0x000000011673ee9f sp=0x0000000309506470 mode 2
Event: 1100.631 Thread 0x00007ff1bb1bc800 Uncommon trap: trap_request=0xffffff6e fr.pc=0x000000011e38fe3c relative=0x000000000000017c
Event: 1100.631 Thread 0x00007ff1bb1bc800 Uncommon trap: reason=speculate_class_check action=maybe_recompile pc=0x000000011e38fe3c method=javafx.beans.property.ObjectPropertyBase.markInvalid()V @ 13 c2
Event: 1100.631 Thread 0x00007ff1bb1bc800 DEOPT PACKING pc=0x000000011e38fe3c sp=0x0000000309506430
Event: 1100.631 Thread 0x00007ff1bb1bc800 DEOPT UNPACKING pc=0x000000011673ee9f sp=0x0000000309506380 mode 2

Classes redefined (0 events):
No events

Internal exceptions (20 events):
Event: 1.287 Thread 0x00007ff1bb1bc800 Exception <a 'java/lang/NoSuchMethodError'{0x00000007868cbe38}: 'java.lang.Object java.lang.invoke.DirectMethodHandle$Holder.invokeStatic(java.lang.Object, java.lang.Object, java.lang.Object, java.lang.Object, java.lang.Object, java.lang.Object, java.lang.Object, java.lang.Object, java.lang.Object, java.lang.Object, java.lang.Object, java.lang.Object, java.lang.Object, java.lang.Object, java.lang.Object)'> (0x00000007868cbe38) thrown at [./src/hotspot/share/interpreter/linkResolver.cpp, line 773]
Event: 1.293 Thread 0x00007ff1bb1bc800 Exception <a 'java/lang/NoSuchMethodError'{0x00000007868d99e8}: 'java.lang.Object java.lang.invoke.DirectMethodHandle$Holder.invokeStatic(java.lang.Object, java.lang.Object, java.lang.Object, java.lang.Object, java.lang.Object, java.lang.Object, java.lang.Object, java.lang.Object, java.lang.Object, java.lang.Object, java.lang.Object, java.lang.Object, java.lang.Object, java.lang.Object, java.lang.Object, java.lang.Object)'> (0x00000007868d99e8) thrown at [./src/hotspot/share/interpreter/linkResolver.cpp, l
Event: 1.296 Thread 0x00007ff1bb1bc800 Exception <a 'java/lang/NoSuchMethodError'{0x00000007868e7658}: 'java.lang.Object java.lang.invoke.DirectMethodHandle$Holder.invokeSpecial(java.lang.Object, java.lang.Object, int, int, java.lang.Object, java.lang.Object, java.lang.Object)'> (0x00000007868e7658) thrown at [./src/hotspot/share/interpreter/linkResolver.cpp, line 773]
Event: 1.296 Thread 0x00007ff1bb1bc800 Exception <a 'java/lang/NoSuchMethodError'{0x00000007868eabe8}: 'java.lang.Object java.lang.invoke.DelegatingMethodHandle$Holder.reinvoke_L(java.lang.Object, int, int, java.lang.Object, java.lang.Object, java.lang.Object)'> (0x00000007868eabe8) thrown at [./src/hotspot/share/interpreter/linkResolver.cpp, line 773]
Event: 1.296 Thread 0x00007ff1bb1bc800 Exception <a 'java/lang/NoSuchMethodError'{0x00000007868eebe8}: 'java.lang.Object java.lang.invoke.DirectMethodHandle$Holder.invokeStatic(java.lang.Object, java.lang.Object, java.lang.Object, java.lang.Object, int)'> (0x00000007868eebe8) thrown at [./src/hotspot/share/interpreter/linkResolver.cpp, line 773]
Event: 1.606 Thread 0x00007ff1bb1bc800 Exception <a 'java/lang/NoSuchMethodError'{0x0000000787a6a0c8}: 'void java.lang.invoke.DirectMethodHandle$Holder.invokeStaticInit(java.lang.Object, java.lang.Object)'> (0x0000000787a6a0c8) thrown at [./src/hotspot/share/interpreter/linkResolver.cpp, line 773]
Event: 1.619 Thread 0x00007ff1bb1bc800 Exception <a 'java/lang/NoSuchMethodError'{0x0000000787949820}: 'void java.lang.invoke.DirectMethodHandle$Holder.invokeSpecial(java.lang.Object, java.lang.Object, java.lang.Object, java.lang.Object, java.lang.Object)'> (0x0000000787949820) thrown at [./src/hotspot/share/interpreter/linkResolver.cpp, line 773]
Event: 1.846 Thread 0x00007ff1bb1bc800 Exception <a 'java/lang/NoSuchMethodError'{0x0000000785cfe4a0}: 'void java.lang.invoke.DirectMethodHandle$Holder.invokeSpecial(java.lang.Object, java.lang.Object, java.lang.Object, java.lang.Object, java.lang.Object, java.lang.Object)'> (0x0000000785cfe4a0) thrown at [./src/hotspot/share/interpreter/linkResolver.cpp, line 773]
Event: 1.938 Thread 0x00007ff1bb1bc800 Implicit null exception at 0x000000011e21f615 to 0x000000011e21fc2c
Event: 1.938 Thread 0x00007ff1bb1bc800 Implicit null exception at 0x000000011e1dd678 to 0x000000011e1dd706
Event: 3.534 Thread 0x00007ff1bb1bc800 Exception <a 'java/lang/NoSuchMethodError'{0x000000078e0ab770}: 'java.lang.Object java.lang.invoke.Invokers$Holder.linkToTargetMethod(java.lang.Object, int, java.lang.Object)'> (0x000000078e0ab770) thrown at [./src/hotspot/share/interpreter/linkResolver.cpp, line 773]
Event: 3.561 Thread 0x00007ff1bb1bc800 Exception <a 'java/lang/NoSuchMethodError'{0x000000078df2a1d8}: 'java.lang.Object java.lang.invoke.DirectMethodHandle$Holder.invokeInterface(java.lang.Object, java.lang.Object, java.lang.Object)'> (0x000000078df2a1d8) thrown at [./src/hotspot/share/interpreter/linkResolver.cpp, line 773]
Event: 3.563 Thread 0x00007ff1bb1bc800 Exception <a 'java/lang/IncompatibleClassChangeError'{0x000000078df2d390}: Found class java.lang.Object, but interface was expected> (0x000000078df2d390) thrown at [./src/hotspot/share/interpreter/linkResolver.cpp, line 839]
Event: 3.822 Thread 0x00007ff1ba1c8000 Exception <a 'java/lang/NoSuchMethodError'{0x000000078dce4458}: 'int java.lang.invoke.DirectMethodHandle$Holder.invokeStaticInit(java.lang.Object, java.lang.Object)'> (0x000000078dce4458) thrown at [./src/hotspot/share/interpreter/linkResolver.cpp, line 773]
Event: 5.848 Thread 0x00007ff1bb1bc800 Exception <a 'java/lang/NoSuchMethodError'{0x000000078e1112f8}: 'long java.lang.invoke.DirectMethodHandle$Holder.invokeStaticInit(java.lang.Object, java.lang.Object, java.lang.Object)'> (0x000000078e1112f8) thrown at [./src/hotspot/share/interpreter/linkResolver.cpp, line 773]
Event: 5.856 Thread 0x00007ff1bb1bc800 Exception <a 'java/lang/NoSuchMethodError'{0x000000078e129940}: 'java.lang.Object java.lang.invoke.DirectMethodHandle$Holder.invokeStatic(java.lang.Object, java.lang.Object, long)'> (0x000000078e129940) thrown at [./src/hotspot/share/interpreter/linkResolver.cpp, line 773]
Event: 5.858 Thread 0x00007ff1bb1bc800 Exception <a 'java/lang/NoSuchMethodError'{0x000000078e12fab8}: 'java.lang.Object java.lang.invoke.Invokers$Holder.linkToTargetMethod(java.lang.Object, long, java.lang.Object)'> (0x000000078e12fab8) thrown at [./src/hotspot/share/interpreter/linkResolver.cpp, line 773]
Event: 9.239 Thread 0x00007ff1bb1bc800 Exception <a 'java/lang/NoSuchMethodError'{0x000000078e09ca88}: 'java.lang.Object java.lang.invoke.DirectMethodHandle$Holder.invokeStatic(java.lang.Object, java.lang.Object, int, int, int, int, int, java.lang.Object)'> (0x000000078e09ca88) thrown at [./src/hotspot/share/interpreter/linkResolver.cpp, line 773]
Event: 9.242 Thread 0x00007ff1bb1bc800 Exception <a 'java/lang/NoSuchMethodError'{0x000000078e0ad450}: 'java.lang.Object java.lang.invoke.DirectMethodHandle$Holder.invokeStatic(java.lang.Object, java.lang.Object, java.lang.Object, int, int, int, int, int)'> (0x000000078e0ad450) thrown at [./src/hotspot/share/interpreter/linkResolver.cpp, line 773]
Event: 9.242 Thread 0x00007ff1bb1bc800 Exception <a 'java/lang/NoSuchMethodError'{0x000000078e0b3cc0}: 'java.lang.Object java.lang.invoke.Invokers$Holder.linkToTargetMethod(java.lang.Object, java.lang.Object, int, int, int, int, int, java.lang.Object)'> (0x000000078e0b3cc0) thrown at [./src/hotspot/share/interpreter/linkResolver.cpp, line 773]

Events (20 events):
Event: 1140.825 Protecting memory [0x0000000309eaa000,0x0000000309eae000] with protection modes 3
Event: 1140.825 Thread 0x00007ff19a80c000 Thread exited: 0x00007ff19a80c000
Event: 1140.892 Protecting memory [0x0000000309eaa000,0x0000000309eae000] with protection modes 0
Event: 1140.892 Thread 0x00007ff19a02b000 Thread added: 0x00007ff19a02b000
Event: 1141.442 Protecting memory [0x0000000309eaa000,0x0000000309eae000] with protection modes 3
Event: 1141.442 Thread 0x00007ff19a02b000 Thread exited: 0x00007ff19a02b000
Event: 1141.825 Protecting memory [0x0000000309eaa000,0x0000000309eae000] with protection modes 0
Event: 1141.825 Thread 0x00007ff19a02b000 Thread added: 0x00007ff19a02b000
Event: 1142.175 Protecting memory [0x0000000309eaa000,0x0000000309eae000] with protection modes 3
Event: 1142.175 Thread 0x00007ff19a02b000 Thread exited: 0x00007ff19a02b000
Event: 1142.275 Protecting memory [0x0000000309eaa000,0x0000000309eae000] with protection modes 0
Event: 1142.275 Thread 0x00007ff19c009000 Thread added: 0x00007ff19c009000
Event: 1142.642 Protecting memory [0x0000000309eaa000,0x0000000309eae000] with protection modes 3
Event: 1142.642 Thread 0x00007ff19c009000 Thread exited: 0x00007ff19c009000
Event: 1142.840 Protecting memory [0x0000000309eaa000,0x0000000309eae000] with protection modes 0
Event: 1142.841 Thread 0x00007ff19a80d000 Thread added: 0x00007ff19a80d000
Event: 1144.625 Protecting memory [0x0000000309eaa000,0x0000000309eae000] with protection modes 3
Event: 1144.625 Thread 0x00007ff19a80d000 Thread exited: 0x00007ff19a80d000
Event: 1173.275 Protecting memory [0x0000000309eaa000,0x0000000309eae000] with protection modes 0
Event: 1173.275 Thread 0x00007ff19c009000 Thread added: 0x00007ff19c009000


Dynamic libraries:
0x000000010af57000 	/Library/Java/JavaVirtualMachines/temurin-11.jdk/Contents/Home/lib/jli/libjli.dylib
0x00007ff820014000 	/System/Library/Frameworks/Cocoa.framework/Versions/A/Cocoa
0x00007ff80b8b5000 	/System/Library/Frameworks/AppKit.framework/Versions/C/AppKit
0x00007ff80ee05000 	/System/Library/Frameworks/CoreData.framework/Versions/A/CoreData
0x00007ff809cd0000 	/System/Library/Frameworks/Foundation.framework/Versions/C/Foundation
0x00007ff8140f8000 	/usr/lib/libSystem.B.dylib
0x00007ff80c742000 	/System/Library/PrivateFrameworks/UIFoundation.framework/Versions/A/UIFoundation
0x00007ff819fec000 	/System/Library/PrivateFrameworks/RemoteViewServices.framework/Versions/A/RemoteViewServices
0x00007ff8122eb000 	/System/Library/PrivateFrameworks/XCTTargetBootstrap.framework/Versions/A/XCTTargetBootstrap
0x00007ff815fc3000 	/System/Library/PrivateFrameworks/InternationalSupport.framework/Versions/A/InternationalSupport
0x00007ff81604d000 	/System/Library/PrivateFrameworks/UserActivity.framework/Versions/A/UserActivity
0x00007ff8153aa000 	/usr/lib/libspindump.dylib
0x00007ff80c9d0000 	/System/Library/Frameworks/UniformTypeIdentifiers.framework/Versions/A/UniformTypeIdentifiers
0x00007ff810a2a000 	/usr/lib/libapp_launch_measurement.dylib
0x00007ff80f7df000 	/System/Library/PrivateFrameworks/CoreAnalytics.framework/Versions/A/CoreAnalytics
0x00007ff810a2d000 	/System/Library/PrivateFrameworks/CoreAutoLayout.framework/Versions/A/CoreAutoLayout
0x00007ff811c4c000 	/System/Library/Frameworks/Metal.framework/Versions/A/Metal
0x00007ff812963000 	/usr/lib/liblangid.dylib
0x00007ff8122ef000 	/System/Library/PrivateFrameworks/CoreSVG.framework/Versions/A/CoreSVG
0x00007ff80dd92000 	/System/Library/PrivateFrameworks/SkyLight.framework/Versions/A/SkyLight
0x00007ff80e123000 	/System/Library/Frameworks/CoreGraphics.framework/Versions/A/CoreGraphics
0x00007ff81a657000 	/System/Library/Frameworks/Accelerate.framework/Versions/A/Accelerate
0x00007ff814e25000 	/System/Library/PrivateFrameworks/IconServices.framework/Versions/A/IconServices
0x00007ff811c31000 	/System/Library/Frameworks/IOSurface.framework/Versions/A/IOSurface
0x00007ff80f80d000 	/usr/lib/libDiagnosticMessagesClient.dylib
0x00007ff814012000 	/usr/lib/libz.1.dylib
0x00007ff81dcb6000 	/System/Library/Frameworks/ApplicationServices.framework/Versions/A/ApplicationServices
0x00007ff8122d7000 	/System/Library/PrivateFrameworks/DFRFoundation.framework/Versions/A/DFRFoundation
0x00007ff80b1a6000 	/usr/lib/libicucore.A.dylib
0x00007ff816ce5000 	/System/Library/Frameworks/AudioToolbox.framework/Versions/A/AudioToolbox
0x00007ff815fcf000 	/System/Library/PrivateFrameworks/DataDetectorsCore.framework/Versions/A/DataDetectorsCore
0x00007ff911764000 	/System/Library/PrivateFrameworks/TextInput.framework/Versions/A/TextInput
0x00007ff80dd15000 	/usr/lib/libMobileGestalt.dylib
0x00007ff811fdf000 	/System/Library/Frameworks/Carbon.framework/Versions/A/Frameworks/HIToolbox.framework/Versions/A/HIToolbox
0x00007ff810458000 	/System/Library/Frameworks/QuartzCore.framework/Versions/A/QuartzCore
0x00007ff80ae47000 	/System/Library/Frameworks/Security.framework/Versions/A/Security
0x00007ff81a024000 	/System/Library/Frameworks/Carbon.framework/Versions/A/Frameworks/SpeechRecognition.framework/Versions/A/SpeechRecognition
0x00007ff81078a000 	/System/Library/PrivateFrameworks/CoreUI.framework/Versions/A/CoreUI
0x00007ff80a721000 	/System/Library/Frameworks/CoreAudio.framework/Versions/A/CoreAudio
0x00007ff80f8fb000 	/System/Library/Frameworks/DiskArbitration.framework/Versions/A/DiskArbitration
0x00007ff81578d000 	/System/Library/PrivateFrameworks/MultitouchSupport.framework/Versions/A/MultitouchSupport
0x00007ff80dd14000 	/usr/lib/libenergytrace.dylib
0x00007ff80b7a1000 	/System/Library/Frameworks/IOKit.framework/Versions/A/IOKit
0x00007ff81a40e000 	/System/Library/Frameworks/CoreServices.framework/Versions/A/CoreServices
0x00007ff8109c4000 	/System/Library/PrivateFrameworks/PerformanceAnalysis.framework/Versions/A/PerformanceAnalysis
0x00007ffa211d3000 	/System/Library/Frameworks/OpenGL.framework/Versions/A/OpenGL
0x00007ff81364a000 	/System/Library/PrivateFrameworks/MobileKeyBag.framework/Versions/A/MobileKeyBag
0x00007ff808d68000 	/usr/lib/libobjc.A.dylib
0x00007ff80e852000 	/System/Library/Frameworks/ColorSync.framework/Versions/A/ColorSync
0x00007ff808f24000 	/System/Library/Frameworks/CoreFoundation.framework/Versions/A/CoreFoundation
0x00007ff81256a000 	/System/Library/Frameworks/CoreImage.framework/Versions/A/CoreImage
0x00007ff80a537000 	/System/Library/Frameworks/CoreText.framework/Versions/A/CoreText
0x00007ff81231e000 	/System/Library/Frameworks/ImageIO.framework/Versions/A/ImageIO
0x00007ff8140fe000 	/System/Library/PrivateFrameworks/SoftLinking.framework/Versions/A/SoftLinking
0x00007ff810a75000 	/usr/lib/libxml2.2.dylib
0x00007ff808e31000 	/usr/lib/libc++.1.dylib
0x00007ff81437e000 	/usr/lib/libcompression.dylib
0x00007ff815ef9000 	/System/Library/PrivateFrameworks/TextureIO.framework/Versions/A/TextureIO
0x00007ff814a9e000 	/usr/lib/libate.dylib
0x00007ff8140f3000 	/usr/lib/system/libcache.dylib
0x00007ff8140af000 	/usr/lib/system/libcommonCrypto.dylib
0x00007ff8140d8000 	/usr/lib/system/libcompiler_rt.dylib
0x00007ff8140ce000 	/usr/lib/system/libcopyfile.dylib
0x00007ff808c62000 	/usr/lib/system/libcorecrypto.dylib
0x00007ff808d21000 	/usr/lib/system/libdispatch.dylib
0x00007ff808ee3000 	/usr/lib/system/libdyld.dylib
0x00007ff8140ea000 	/usr/lib/system/libkeymgr.dylib
0x00007ff81408d000 	/usr/lib/system/libmacho.dylib
0x00007ff81371e000 	/usr/lib/system/libquarantine.dylib
0x00007ff8140e8000 	/usr/lib/system/libremovefile.dylib
0x00007ff80dd61000 	/usr/lib/system/libsystem_asl.dylib
0x00007ff808c10000 	/usr/lib/system/libsystem_blocks.dylib
0x00007ff808da8000 	/usr/lib/system/libsystem_c.dylib
0x00007ff8140e0000 	/usr/lib/system/libsystem_collections.dylib
0x00007ff812954000 	/usr/lib/system/libsystem_configuration.dylib
0x00007ff811c14000 	/usr/lib/system/libsystem_containermanager.dylib
0x00007ff813dc6000 	/usr/lib/system/libsystem_coreservices.dylib
0x00007ff80b42f000 	/usr/lib/system/libsystem_darwin.dylib
0x00007ff8140eb000 	/usr/lib/system/libsystem_dnssd.dylib
0x00007ff808da5000 	/usr/lib/system/libsystem_featureflags.dylib
0x00007ff808ef9000 	/usr/lib/system/libsystem_info.dylib
0x00007ff814025000 	/usr/lib/system/libsystem_m.dylib
0x00007ff808cf5000 	/usr/lib/system/libsystem_malloc.dylib
0x00007ff80dcfe000 	/usr/lib/system/libsystem_networkextension.dylib
0x00007ff80b857000 	/usr/lib/system/libsystem_notify.dylib
0x00007ff81a2e5000 	/usr/lib/system/libsystem_product_info_filter.dylib
0x00007ff812958000 	/usr/lib/system/libsystem_sandbox.dylib
0x00007ff8140e5000 	/usr/lib/system/libsystem_secinit.dylib
0x00007ff808ea0000 	/usr/lib/system/libsystem_kernel.dylib
0x00007ff808eef000 	/usr/lib/system/libsystem_platform.dylib
0x00007ff808ed7000 	/usr/lib/system/libsystem_pthread.dylib
0x00007ff80f625000 	/usr/lib/system/libsystem_symptoms.dylib
0x00007ff808c49000 	/usr/lib/system/libsystem_trace.dylib
0x00007ff8140bb000 	/usr/lib/system/libunwind.dylib
0x00007ff808c12000 	/usr/lib/system/libxpc.dylib
0x00007ff808e8a000 	/usr/lib/libc++abi.dylib
0x00007ff8140c6000 	/usr/lib/liboah.dylib
0x00007ff814857000 	/usr/lib/liblzma.5.dylib
0x00007ff8099e1000 	/System/Library/Frameworks/SystemConfiguration.framework/Versions/A/SystemConfiguration
0x00007ff8140fa000 	/usr/lib/libfakelink.dylib
0x00007ff80d868000 	/System/Library/Frameworks/CFNetwork.framework/Versions/A/CFNetwork
0x00007ff814239000 	/usr/lib/libarchive.2.dylib
0x00007ff81295f000 	/System/Library/PrivateFrameworks/AppleSystemInfo.framework/Versions/A/AppleSystemInfo
0x00007ff813744000 	/usr/lib/libbsm.0.dylib
0x00007ff80ce9f000 	/usr/lib/libnetwork.dylib
0x00007ff814093000 	/usr/lib/system/libkxld.dylib
0x00007ff813373000 	/System/Library/PrivateFrameworks/IOMobileFramebuffer.framework/Versions/A/IOMobileFramebuffer
0x00007ffb1eb75000 	/usr/lib/libCoreEntitlements.dylib
0x00007ff813da8000 	/System/Library/PrivateFrameworks/AppleFSCompression.framework/Versions/A/AppleFSCompression
0x00007ff81372d000 	/usr/lib/libcoretls.dylib
0x00007ff814871000 	/usr/lib/libcoretls_cfhelpers.dylib
0x00007ff814379000 	/usr/lib/libpam.2.dylib
0x00007ff80f24b000 	/usr/lib/libsqlite3.dylib
0x00007ff8148e0000 	/usr/lib/libxar.1.dylib
0x00007ff813db8000 	/usr/lib/libbz2.1.0.dylib
0x00007ff8140ff000 	/usr/lib/libpcap.A.dylib
0x00007ff80f61c000 	/usr/lib/libdns_services.dylib
0x00007ff81434b000 	/usr/lib/libapple_nghttp2.dylib
0x00007ff814136000 	/usr/lib/libiconv.2.dylib
0x00007ff81408c000 	/usr/lib/libcharset.1.dylib
0x00007ff8109f8000 	/System/Library/Frameworks/CoreServices.framework/Versions/A/Frameworks/FSEvents.framework/Versions/A/FSEvents
0x00007ff80b439000 	/System/Library/Frameworks/CoreServices.framework/Versions/A/Frameworks/CarbonCore.framework/Versions/A/CarbonCore
0x00007ff80f860000 	/System/Library/Frameworks/CoreServices.framework/Versions/A/Frameworks/Metadata.framework/Versions/A/Metadata
0x00007ff813dcb000 	/System/Library/Frameworks/CoreServices.framework/Versions/A/Frameworks/OSServices.framework/Versions/A/OSServices
0x00007ff8142bf000 	/System/Library/Frameworks/CoreServices.framework/Versions/A/Frameworks/SearchKit.framework/Versions/A/SearchKit
0x00007ff80f5ae000 	/System/Library/Frameworks/CoreServices.framework/Versions/A/Frameworks/AE.framework/Versions/A/AE
0x00007ff809425000 	/System/Library/Frameworks/CoreServices.framework/Versions/A/Frameworks/LaunchServices.framework/Versions/A/LaunchServices
0x00007ff814808000 	/System/Library/Frameworks/CoreServices.framework/Versions/A/Frameworks/DictionaryServices.framework/Versions/A/DictionaryServices
0x00007ff810a05000 	/System/Library/Frameworks/CoreServices.framework/Versions/A/Frameworks/SharedFileList.framework/Versions/A/SharedFileList
0x00007ff813721000 	/usr/lib/libCheckFix.dylib
0x00007ff80dd78000 	/System/Library/PrivateFrameworks/TCC.framework/Versions/A/TCC
0x00007ff812965000 	/System/Library/PrivateFrameworks/CoreNLP.framework/Versions/A/CoreNLP
0x00007ff80f810000 	/System/Library/PrivateFrameworks/MetadataUtilities.framework/Versions/A/MetadataUtilities
0x00007ff809a91000 	/usr/lib/libmecabra.dylib
0x00007ff813754000 	/usr/lib/libmecab.dylib
0x00007ff809a5c000 	/usr/lib/libCRFSuite.dylib
0x00007ff8137b1000 	/usr/lib/libgermantok.dylib
0x00007ff814326000 	/usr/lib/libThaiTokenizer.dylib
0x00007ff80f902000 	/System/Library/Frameworks/Accelerate.framework/Versions/A/Frameworks/vImage.framework/Versions/A/vImage
0x00007ff81a3e5000 	/System/Library/Frameworks/Accelerate.framework/Versions/A/Frameworks/vecLib.framework/Versions/A/vecLib
0x00007ff814921000 	/System/Library/Frameworks/Accelerate.framework/Versions/A/Frameworks/vecLib.framework/Versions/A/libvMisc.dylib
0x00007ff813167000 	/System/Library/Frameworks/Accelerate.framework/Versions/A/Frameworks/vecLib.framework/Versions/A/libvDSP.dylib
0x00007ff80979d000 	/System/Library/Frameworks/Accelerate.framework/Versions/A/Frameworks/vecLib.framework/Versions/A/libBLAS.dylib
0x00007ff81445b000 	/System/Library/Frameworks/Accelerate.framework/Versions/A/Frameworks/vecLib.framework/Versions/A/libLAPACK.dylib
0x00007ff8137b4000 	/System/Library/Frameworks/Accelerate.framework/Versions/A/Frameworks/vecLib.framework/Versions/A/libLinearAlgebra.dylib
0x00007ff814364000 	/System/Library/Frameworks/Accelerate.framework/Versions/A/Frameworks/vecLib.framework/Versions/A/libSparseBLAS.dylib
0x00007ff814455000 	/System/Library/Frameworks/Accelerate.framework/Versions/A/Frameworks/vecLib.framework/Versions/A/libQuadrature.dylib
0x00007ff812a4f000 	/System/Library/Frameworks/Accelerate.framework/Versions/A/Frameworks/vecLib.framework/Versions/A/libBNNS.dylib
0x00007ff809972000 	/System/Library/Frameworks/Accelerate.framework/Versions/A/Frameworks/vecLib.framework/Versions/A/libSparse.dylib
0x00007ff812a48000 	/System/Library/PrivateFrameworks/LinguisticData.framework/Versions/A/LinguisticData
0x00007ff809927000 	/System/Library/PrivateFrameworks/Lexicon.framework/Versions/A/Lexicon
0x00007ff81491a000 	/usr/lib/libChineseTokenizer.dylib
0x00007ff80a08b000 	/System/Library/PrivateFrameworks/LanguageModeling.framework/Versions/A/LanguageModeling
0x00007ff814328000 	/System/Library/PrivateFrameworks/AppleSauce.framework/Versions/A/AppleSauce
0x00007ff813361000 	/System/Library/PrivateFrameworks/CoreEmoji.framework/Versions/A/CoreEmoji
0x00007ff814228000 	/usr/lib/libcmph.dylib
0x00007ff8109dc000 	/System/Library/Frameworks/OpenDirectory.framework/Versions/A/Frameworks/CFOpenDirectory.framework/Versions/A/CFOpenDirectory
0x00007ff8109d0000 	/System/Library/Frameworks/OpenDirectory.framework/Versions/A/OpenDirectory
0x00007ff814873000 	/System/Library/PrivateFrameworks/APFS.framework/Versions/A/APFS
0x00007ff813682000 	/System/Library/Frameworks/SecurityFoundation.framework/Versions/A/SecurityFoundation
0x00007ff8148ee000 	/usr/lib/libutil.dylib
0x00007ff80b764000 	/System/Library/PrivateFrameworks/CoreServicesStore.framework/Versions/A/CoreServicesStore
0x00007ff8148f2000 	/usr/lib/libxslt.1.dylib
0x00007ff81370f000 	/System/Library/PrivateFrameworks/BackgroundTaskManagement.framework/Versions/A/BackgroundTaskManagement
0x00007ff815e1b000 	/System/Library/Frameworks/ImageIO.framework/Versions/A/Resources/libRadiance.dylib
0x00007ff815e24000 	/System/Library/Frameworks/ImageIO.framework/Versions/A/Resources/libJPEG.dylib
0x00007ff815d75000 	/System/Library/Frameworks/ImageIO.framework/Versions/A/Resources/libPng.dylib
0x00007ff815d96000 	/System/Library/Frameworks/ImageIO.framework/Versions/A/Resources/libTIFF.dylib
0x00007ff815e82000 	/System/Library/Frameworks/ImageIO.framework/Versions/A/Resources/libGIF.dylib
0x00007ff8156aa000 	/System/Library/Frameworks/ImageIO.framework/Versions/A/Resources/libJP2.dylib
0x00007ff814dec000 	/usr/lib/libexpat.1.dylib
0x00007ff81565f000 	/System/Library/PrivateFrameworks/AppleJPEG.framework/Versions/A/AppleJPEG
0x00007ff811ea6000 	/System/Library/PrivateFrameworks/FontServices.framework/libFontParser.dylib
0x00007ff80f558000 	/System/Library/PrivateFrameworks/RunningBoardServices.framework/Versions/A/RunningBoardServices
0x00007ff820585000 	/System/Library/PrivateFrameworks/IOSurfaceAccelerator.framework/Versions/A/IOSurfaceAccelerator
0x00007ff815789000 	/System/Library/PrivateFrameworks/WatchdogClient.framework/Versions/A/WatchdogClient
0x00007ff80a17a000 	/System/Library/Frameworks/CoreDisplay.framework/Versions/A/CoreDisplay
0x00007ff811da6000 	/System/Library/Frameworks/CoreMedia.framework/Versions/A/CoreMedia
0x00007ff811c43000 	/System/Library/PrivateFrameworks/IOAccelerator.framework/Versions/A/IOAccelerator
0x00007ff810b58000 	/System/Library/Frameworks/CoreVideo.framework/Versions/A/CoreVideo
0x00007ff814377000 	/System/Library/Frameworks/MetalPerformanceShaders.framework/Versions/A/MetalPerformanceShaders
0x00007ff8157c4000 	/System/Library/Frameworks/VideoToolbox.framework/Versions/A/VideoToolbox
0x00007ff80f4a0000 	/System/Library/PrivateFrameworks/BaseBoard.framework/Versions/A/BaseBoard
0x00007ff80f231000 	/System/Library/PrivateFrameworks/ProtocolBuffer.framework/Versions/A/ProtocolBuffer
0x00007ff815e14000 	/System/Library/PrivateFrameworks/GPUWrangler.framework/Versions/A/GPUWrangler
0x00007ff815df7000 	/System/Library/PrivateFrameworks/IOPresentment.framework/Versions/A/IOPresentment
0x00007ff815e1e000 	/System/Library/PrivateFrameworks/DSExternalDisplay.framework/Versions/A/DSExternalDisplay
0x00007ffa211c7000 	/System/Library/Frameworks/OpenGL.framework/Versions/A/Libraries/libCoreFSCache.dylib
0x00007ffb0d174000 	/System/Library/PrivateFrameworks/GPUCompiler.framework/Versions/31001/Libraries/libGPUCompilerUtils.dylib
0x00007ff815e87000 	/System/Library/PrivateFrameworks/CMCaptureCore.framework/Versions/A/CMCaptureCore
0x00007ff815398000 	/System/Library/PrivateFrameworks/AppServerSupport.framework/Versions/A/AppServerSupport
0x00007ff817562000 	/System/Library/PrivateFrameworks/perfdata.framework/Versions/A/perfdata
0x00007ff80a2a6000 	/System/Library/PrivateFrameworks/AudioToolboxCore.framework/Versions/A/AudioToolboxCore
0x00007ff811d83000 	/System/Library/PrivateFrameworks/caulk.framework/Versions/A/caulk
0x00007ff816e8f000 	/usr/lib/libAudioStatistics.dylib
0x00007ff90e023000 	/System/Library/PrivateFrameworks/SystemPolicy.framework/Versions/A/SystemPolicy
0x00007ff8170db000 	/usr/lib/libSMC.dylib
0x00007ff81fec7000 	/System/Library/Frameworks/CoreMIDI.framework/Versions/A/CoreMIDI
0x00007ff815d45000 	/usr/lib/libAudioToolboxUtility.dylib
0x00007ff90a4ab000 	/System/Library/PrivateFrameworks/OSAServicesClient.framework/Versions/A/OSAServicesClient
0x00007ff81756f000 	/usr/lib/libperfcheck.dylib
0x00007ff90eaaf000 	/usr/lib/libmis.dylib
0x00007ffa21223000 	/System/Library/Frameworks/OpenGL.framework/Versions/A/Libraries/libGLU.dylib
0x00007ffa211e6000 	/System/Library/Frameworks/OpenGL.framework/Versions/A/Libraries/libGFXShared.dylib
0x00007ffa213f4000 	/System/Library/Frameworks/OpenGL.framework/Versions/A/Libraries/libGL.dylib
0x00007ffa211ef000 	/System/Library/Frameworks/OpenGL.framework/Versions/A/Libraries/libGLImage.dylib
0x00007ffa211e3000 	/System/Library/Frameworks/OpenGL.framework/Versions/A/Libraries/libCVMSPluginSupport.dylib
0x00007ffa211ce000 	/System/Library/Frameworks/OpenGL.framework/Versions/A/Libraries/libCoreVMClient.dylib
0x00007ff8128e3000 	/System/Library/Frameworks/MetalPerformanceShaders.framework/Versions/A/Frameworks/MPSCore.framework/Versions/A/MPSCore
0x00007ff813d13000 	/System/Library/Frameworks/MetalPerformanceShaders.framework/Versions/A/Frameworks/MPSImage.framework/Versions/A/MPSImage
0x00007ff8137ca000 	/System/Library/Frameworks/MetalPerformanceShaders.framework/Versions/A/Frameworks/MPSNeuralNetwork.framework/Versions/A/MPSNeuralNetwork
0x00007ff813c3f000 	/System/Library/Frameworks/MetalPerformanceShaders.framework/Versions/A/Frameworks/MPSMatrix.framework/Versions/A/MPSMatrix
0x00007ff8139fb000 	/System/Library/Frameworks/MetalPerformanceShaders.framework/Versions/A/Frameworks/MPSRayIntersector.framework/Versions/A/MPSRayIntersector
0x00007ff813c78000 	/System/Library/Frameworks/MetalPerformanceShaders.framework/Versions/A/Frameworks/MPSNDArray.framework/Versions/A/MPSNDArray
0x00007ffa25dcc000 	/System/Library/Frameworks/MetalPerformanceShaders.framework/Versions/A/Frameworks/MPSFunctions.framework/Versions/A/MPSFunctions
0x00007ff809680000 	/System/Library/PrivateFrameworks/MetalTools.framework/Versions/A/MetalTools
0x00007ff81295d000 	/System/Library/PrivateFrameworks/AggregateDictionary.framework/Versions/A/AggregateDictionary
0x00007ff814bce000 	/usr/lib/libIOReport.dylib
0x00007ffa22803000 	/System/Library/Frameworks/OpenCL.framework/Versions/A/OpenCL
0x00007ff814f32000 	/System/Library/PrivateFrameworks/FaceCore.framework/Versions/A/FaceCore
0x00007ff814f23000 	/System/Library/PrivateFrameworks/GraphVisualizer.framework/Versions/A/GraphVisualizer
0x00007ffb0d07f000 	/System/Library/PrivateFrameworks/FontServices.framework/Versions/A/FontServices
0x00007ff81534f000 	/System/Library/PrivateFrameworks/OTSVG.framework/Versions/A/OTSVG
0x00007ff810740000 	/System/Library/Frameworks/ApplicationServices.framework/Versions/A/Frameworks/ATS.framework/Versions/A/Resources/libFontRegistry.dylib
0x00007ff8153a0000 	/System/Library/PrivateFrameworks/FontServices.framework/libhvf.dylib
0x00007ffb0d080000 	/System/Library/PrivateFrameworks/FontServices.framework/libXTFontStaticRegistryData.dylib
0x00007ff814d9c000 	/System/Library/PrivateFrameworks/AppleVA.framework/Versions/A/AppleVA
0x00007ff816eaf000 	/System/Library/Frameworks/ApplicationServices.framework/Versions/A/Frameworks/ATS.framework/Versions/A/ATS
0x00007ff80e94e000 	/System/Library/Frameworks/ApplicationServices.framework/Versions/A/Frameworks/HIServices.framework/Versions/A/HIServices
0x00007ff815e91000 	/System/Library/Frameworks/ApplicationServices.framework/Versions/A/Frameworks/PrintCore.framework/Versions/A/PrintCore
0x00007ff81722e000 	/System/Library/Frameworks/ApplicationServices.framework/Versions/A/Frameworks/QD.framework/Versions/A/QD
0x00007ff817226000 	/System/Library/Frameworks/ApplicationServices.framework/Versions/A/Frameworks/ColorSyncLegacy.framework/Versions/A/ColorSyncLegacy
0x00007ff816e9f000 	/System/Library/Frameworks/ApplicationServices.framework/Versions/A/Frameworks/SpeechSynthesis.framework/Versions/A/SpeechSynthesis
0x00007ff815e52000 	/System/Library/Frameworks/ApplicationServices.framework/Versions/A/Frameworks/ATSUI.framework/Versions/A/ATSUI
0x00007ff8171bb000 	/usr/lib/libcups.2.dylib
0x00007ff81757e000 	/System/Library/Frameworks/Kerberos.framework/Versions/A/Kerberos
0x00007ff81758d000 	/System/Library/Frameworks/GSS.framework/Versions/A/GSS
0x00007ff816f1b000 	/usr/lib/libresolv.9.dylib
0x00007ff8153af000 	/System/Library/PrivateFrameworks/Heimdal.framework/Versions/A/Heimdal
0x00007ff81e031000 	/System/Library/Frameworks/Kerberos.framework/Versions/A/Libraries/libHeimdalProxy.dylib
0x00007ff80f62d000 	/System/Library/Frameworks/Network.framework/Versions/A/Network
0x00007ff814e06000 	/usr/lib/libheimdal-asn1.dylib
0x00007ff8175d8000 	/System/Library/PrivateFrameworks/CommonAuth.framework/Versions/A/CommonAuth
0x00007ff816e20000 	/System/Library/PrivateFrameworks/AudioSession.framework/Versions/A/AudioSession
0x00007ff814e96000 	/System/Library/PrivateFrameworks/MediaExperience.framework/Versions/A/MediaExperience
0x00007ff816cb4000 	/System/Library/PrivateFrameworks/AudioSession.framework/libSessionUtility.dylib
0x00007ff81723a000 	/System/Library/PrivateFrameworks/AudioResourceArbitration.framework/Versions/A/AudioResourceArbitration
0x00007ff814e0f000 	/System/Library/PrivateFrameworks/IconFoundation.framework/Versions/A/IconFoundation
0x00007ff81a014000 	/System/Library/PrivateFrameworks/SpeechRecognitionCore.framework/Versions/A/SpeechRecognitionCore
0x000000010bd63000 	/Library/Java/JavaVirtualMachines/temurin-11.jdk/Contents/Home/lib/server/libjvm.dylib
0x000000010b035000 	/Library/Java/JavaVirtualMachines/temurin-11.jdk/Contents/Home/lib/libverify.dylib
0x000000010b05a000 	/Library/Java/JavaVirtualMachines/temurin-11.jdk/Contents/Home/lib/libjava.dylib
0x000000010afc7000 	/Library/Java/JavaVirtualMachines/temurin-11.jdk/Contents/Home/lib/libjimage.dylib
0x000000010b10d000 	/Library/Java/JavaVirtualMachines/temurin-11.jdk/Contents/Home/lib/libzip.dylib
0x000000010bce3000 	/Library/Java/JavaVirtualMachines/temurin-11.jdk/Contents/Home/lib/libnio.dylib
0x000000012df3a000 	/Library/Java/JavaVirtualMachines/temurin-11.jdk/Contents/Home/lib/libnet.dylib
0x000000012e115000 	/Users/akhilb/Downloads/javafx-sdk-17.0.1/lib/libprism_es2.dylib
0x00007ff80b725000 	/System/Library/PrivateFrameworks/CoreServicesInternal.framework/Versions/A/CoreServicesInternal
0x00007ffa213ff000 	/System/Library/Frameworks/OpenGL.framework/Versions/A/Resources/GLEngine.bundle/GLEngine
0x00007ffa21261000 	/System/Library/Frameworks/OpenGL.framework/Versions/A/Libraries/libGLProgrammability.dylib
0x000000012e323000 	/System/Library/Extensions/AppleMetalOpenGLRenderer.bundle/Contents/MacOS/AppleMetalOpenGLRenderer
0x00007ffa2158e000 	/System/Library/Frameworks/OpenGL.framework/Versions/A/Resources/GLRendererFloat.bundle/GLRendererFloat
0x00007ffa2336d000 	/System/Library/Extensions/AGXMetal13_3.bundle/Contents/MacOS/AGXMetal13_3
0x00007ff90eaca000 	/System/Library/PrivateFrameworks/GPURawCounter.framework/Versions/A/GPURawCounter
0x00007ff909647000 	/System/Library/PrivateFrameworks/IOGPU.framework/Versions/A/IOGPU
0x000000012e507000 	/Users/akhilb/Downloads/javafx-sdk-17.0.1/lib/libglass.dylib
0x00007ff81b7e5000 	/System/Library/Frameworks/FileProvider.framework/Versions/A/FileProvider
0x00007ff80f40c000 	/System/Library/Frameworks/Accounts.framework/Versions/A/Accounts
0x00007ff81b95d000 	/System/Library/PrivateFrameworks/GenerationalStorage.framework/Versions/A/GenerationalStorage
0x00007ff81c46a000 	/System/Library/PrivateFrameworks/CoreSymbolication.framework/Versions/A/CoreSymbolication
0x00007ff81b1e9000 	/System/Library/PrivateFrameworks/SymptomDiagnosticReporter.framework/Versions/A/SymptomDiagnosticReporter
0x00007ff80c9e4000 	/System/Library/PrivateFrameworks/DesktopServicesPriv.framework/Versions/A/DesktopServicesPriv
0x00007ff80b866000 	/usr/lib/libsandbox.1.dylib
0x00007ff810bd6000 	/System/Library/PrivateFrameworks/UserManagement.framework/Versions/A/UserManagement
0x00007ff81c42f000 	/System/Library/PrivateFrameworks/DebugSymbols.framework/Versions/A/DebugSymbols
0x00007ff81721b000 	/System/Library/PrivateFrameworks/NetAuth.framework/Versions/A/NetAuth
0x00007ff818107000 	/System/Library/PrivateFrameworks/Sharing.framework/Versions/A/Sharing
0x00007ff810ba9000 	/System/Library/PrivateFrameworks/login.framework/Versions/A/Frameworks/loginsupport.framework/Versions/A/loginsupport
0x00007ff81d567000 	/System/Library/PrivateFrameworks/Apple80211.framework/Versions/A/Apple80211
0x00007ff813df8000 	/System/Library/PrivateFrameworks/AuthKit.framework/Versions/A/AuthKit
0x00007ff813457000 	/System/Library/PrivateFrameworks/CoreUtils.framework/Versions/A/CoreUtils
0x00007ff81337e000 	/System/Library/Frameworks/CoreWLAN.framework/Versions/A/CoreWLAN
0x00007ff818262000 	/System/Library/Frameworks/IOBluetooth.framework/Versions/A/IOBluetooth
0x00007ff81d5cf000 	/System/Library/PrivateFrameworks/CoreWiFi.framework/Versions/A/CoreWiFi
0x00007ff81c004000 	/System/Library/PrivateFrameworks/FrontBoardServices.framework/Versions/A/FrontBoardServices
0x00007ff81c096000 	/System/Library/PrivateFrameworks/BoardServices.framework/Versions/A/BoardServices
0x00007ff813671000 	/System/Library/PrivateFrameworks/AssertionServices.framework/Versions/A/AssertionServices
0x00007ff81d753000 	/System/Library/PrivateFrameworks/BackBoardServices.framework/Versions/A/BackBoardServices
0x00007ff817667000 	/System/Library/PrivateFrameworks/CorePhoneNumbers.framework/Versions/A/CorePhoneNumbers
0x00007ff81b306000 	/System/Library/PrivateFrameworks/DiskManagement.framework/Versions/A/DiskManagement
0x00007ff81b21a000 	/System/Library/PrivateFrameworks/AppleIDAuthSupport.framework/Versions/A/AppleIDAuthSupport
0x00007ffa27d32000 	/System/Library/PrivateFrameworks/AAAFoundation.framework/Versions/A/AAAFoundation
0x00007ff817648000 	/System/Library/PrivateFrameworks/KeychainCircle.framework/Versions/A/KeychainCircle
0x00007ff81b2d2000 	/System/Library/PrivateFrameworks/MediaKit.framework/Versions/A/MediaKit
0x00007ff81b226000 	/System/Library/Frameworks/DiscRecording.framework/Versions/A/DiscRecording
0x00007ff814d14000 	/usr/lib/libCoreStorage.dylib
0x00007ff81da40000 	/usr/lib/libcsfde.dylib
0x00007ff81832f000 	/System/Library/PrivateFrameworks/ProtectedCloudStorage.framework/Versions/A/ProtectedCloudStorage
0x00007ff81da3c000 	/System/Library/PrivateFrameworks/EFILogin.framework/Versions/A/EFILogin
0x00007ff81b983000 	/System/Library/PrivateFrameworks/OctagonTrust.framework/Versions/A/OctagonTrust
0x00007ffb0c3b9000 	/System/Library/PrivateFrameworks/CoreUtilsExtras.framework/Versions/A/CoreUtilsExtras
0x00007ff81b159000 	/System/Library/Frameworks/CoreBluetooth.framework/Versions/A/CoreBluetooth
0x00007ff81e0b6000 	/System/Library/Frameworks/AudioUnit.framework/Versions/A/AudioUnit
0x00007ff814d0c000 	/usr/lib/libMatch.1.dylib
0x00007ff912e82000 	/System/Library/Frameworks/Accelerate.framework/Versions/A/Frameworks/vImage.framework/Versions/A/Libraries/libCGInterfaces.dylib
0x00000001300bf000 	/usr/lib/libobjc-trampolines.dylib
0x00007ffb1ec83000 	/usr/lib/libRosetta.dylib
0x00007ff8108d0000 	/System/Library/PrivateFrameworks/ViewBridge.framework/Versions/A/ViewBridge
0x00007ffa283e8000 	/System/Library/PrivateFrameworks/AccessibilityBundles.framework/Versions/A/AccessibilityBundles
0x00007ff815469000 	/System/Library/PrivateFrameworks/login.framework/Versions/A/login
0x00000001320b6000 	/Users/akhilb/Downloads/javafx-sdk-17.0.1/lib/libjavafx_font.dylib


VM Arguments:
jvm_args: --module-path=/Users/akhilb/Downloads/javafx-sdk-17.0.1/lib/ --add-modules=javafx.controls,javafx.fxml -Dfile.encoding=UTF-8 
java_command: GUI
java_class_path (initial): /Users/akhilb/Library/Application Support/Code/User/workspaceStorage/223f7456b289db254d457a70a2a69994/redhat.java/jdt_ws/src_3217b131/bin:/Users/akhilb/Downloads/javafx-sdk-17.0.1/lib/javafx.graphics.jar:/Users/akhilb/Downloads/javafx-sdk-17.0.1/lib/javafx.fxml.jar:/Users/akhilb/Downloads/javafx-sdk-17.0.1/lib/javafx-swt.jar:/Users/akhilb/Downloads/javafx-sdk-17.0.1/lib/javafx.swing.jar:/Users/akhilb/Downloads/javafx-sdk-17.0.1/lib/javafx.controls.jar:/Users/akhilb/Downloads/javafx-sdk-17.0.1/lib/javafx.media.jar:/Users/akhilb/Downloads/javafx-sdk-17.0.1/lib/javafx.web.jar:/Users/akhilb/Downloads/javafx-sdk-17.0.1/lib/javafx.base.jar
Launcher Type: SUN_STANDARD

[Global flags]
     intx CICompilerCount                          = 4                                         {product} {ergonomic}
     uint ConcGCThreads                            = 2                                         {product} {ergonomic}
     uint G1ConcRefinementThreads                  = 8                                         {product} {ergonomic}
   size_t G1HeapRegionSize                         = 1048576                                   {product} {ergonomic}
    uintx GCDrainStackTargetSize                   = 64                                        {product} {ergonomic}
   size_t InitialHeapSize                          = 134217728                                 {product} {ergonomic}
   size_t MarkStackSize                            = 4194304                                   {product} {ergonomic}
   size_t MaxHeapSize                              = 2147483648                                {product} {ergonomic}
   size_t MaxNewSize                               = 1287651328                                {product} {ergonomic}
   size_t MinHeapDeltaBytes                        = 1048576                                   {product} {ergonomic}
    uintx NonNMethodCodeHeapSize                   = 5836300                                {pd product} {ergonomic}
    uintx NonProfiledCodeHeapSize                  = 122910970                              {pd product} {ergonomic}
    uintx ProfiledCodeHeapSize                     = 122910970                              {pd product} {ergonomic}
    uintx ReservedCodeCacheSize                    = 251658240                              {pd product} {ergonomic}
     bool SegmentedCodeCache                       = true                                      {product} {ergonomic}
     bool UseCompressedClassPointers               = true                                 {lp64_product} {ergonomic}
     bool UseCompressedOops                        = true                                 {lp64_product} {ergonomic}
     bool UseG1GC                                  = true                                      {product} {ergonomic}

Logging:
Log output configuration:
 #0: stdout all=warning uptime,level,tags
 #1: stderr all=off uptime,level,tags

Environment Variables:
PATH=/opt/homebrew/bin:/usr/local/bin:/usr/bin:/bin:/usr/sbin:/sbin:/opt/homebrew/bin
SHELL=/bin/zsh
LANG=en_US.UTF-8

Signal Handlers:
SIGSEGV: [libjvm.dylib+0x7c73e4], sa_mask[0]=11111111111111111111111111111111, sa_flags=SA_ONSTACK|SA_RESTART|SA_SIGINFO
SIGBUS: [libjvm.dylib+0x7c73e4], sa_mask[0]=11111111111111111111111111111111, sa_flags=SA_RESTART|SA_SIGINFO
SIGFPE: [libjvm.dylib+0x7c73e4], sa_mask[0]=11111111111111111111111111111111, sa_flags=SA_RESTART|SA_SIGINFO
SIGPIPE: [libjvm.dylib+0x62c4e1], sa_mask[0]=11111111111111111111111111111111, sa_flags=SA_RESTART|SA_SIGINFO
SIGXFSZ: [libjvm.dylib+0x62c4e1], sa_mask[0]=11111111111111111111111111111111, sa_flags=SA_RESTART|SA_SIGINFO
SIGILL: [libjvm.dylib+0x7c73e4], sa_mask[0]=11111111111111111111111111111111, sa_flags=SA_RESTART|SA_SIGINFO
SIGUSR2: [libjvm.dylib+0x62cac9], sa_mask[0]=00000000000000000000000000000000, sa_flags=SA_RESTART|SA_SIGINFO
SIGHUP: [libjvm.dylib+0x62b667], sa_mask[0]=11111111111111111111111111111111, sa_flags=SA_RESTART|SA_SIGINFO
SIGINT: [libjvm.dylib+0x62b667], sa_mask[0]=11111111111111111111111111111111, sa_flags=SA_RESTART|SA_SIGINFO
SIGTERM: [libjvm.dylib+0x62b667], sa_mask[0]=11111111111111111111111111111111, sa_flags=SA_RESTART|SA_SIGINFO
SIGQUIT: [libjvm.dylib+0x62b667], sa_mask[0]=11111111111111111111111111111111, sa_flags=SA_RESTART|SA_SIGINFO


---------------  S Y S T E M  ---------------

OS:uname:Darwin 21.1.0 Darwin Kernel Version 21.1.0: Wed Oct 13 17:33:24 PDT 2021; root:xnu-8019.41.5~1/RELEASE_ARM64_T8101 x86_64
OS uptime: 3 days 5:38 hours
rlimit (soft/hard): STACK 8176k/65520k , CORE 0k/infinity , NPROC 1333/2000 , NOFILE 10240/infinity , AS infinity/infinity , CPU infinity/infinity , DATA infinity/infinity , FSIZE infinity/infinity , MEMLOCK infinity/infinity , RSS infinity/infinity
load average:1.45 1.43 1.80

CPU:total 8 (initial active 8) (1 cores per cpu, 1 threads per core) family 6 model 44 stepping 0 microcode 0x0, cmov, cx8, fxsr, mmx, sse, sse2, sse3, ssse3, sse4.1, sse4.2, popcnt, aes, clmul, tsc, tscinvbit, tscinv

Memory: 4k page, physical 8388608k(20116k free), swap 4194304k(1242368k free)

vm_info: OpenJDK 64-Bit Server VM (11.0.12+7) for bsd-amd64 JRE (11.0.12+7), built on Jul 21 2021 09:19:19 by "jenkins" with clang 4.2.1 Compatible Apple LLVM 10.0.1 (clang-1001.0.46.4)

END.
